./code/machine_learning.R processed_data/l2_genus_81.Rds code/l2.R
./code/machine_learning.R processed_data/l2_genus_85.Rds code/l2.R
./code/machine_learning.R processed_data/l2_genus_86.Rds code/l2.R
./code/machine_learning.R processed_data/l2_genus_88.Rds code/l2.R
./code/machine_learning.R processed_data/l2_genus_89.Rds code/l2.R
./code/machine_learning.R processed_data/l2_genus_90.Rds code/l2.R
./code/machine_learning.R processed_data/l2_genus_91.Rds code/l2.R
./code/machine_learning.R processed_data/l2_genus_92.Rds code/l2.R
./code/machine_learning.R processed_data/l2_genus_93.Rds code/l2.R
./code/machine_learning.R processed_data/l2_genus_94.Rds code/l2.R
./code/machine_learning.R processed_data/l2_genus_95.Rds code/l2.R
./code/machine_learning.R processed_data/l2_genus_96.Rds code/l2.R
./code/machine_learning.R processed_data/l2_genus_97.Rds code/l2.R
./code/machine_learning.R processed_data/l2_genus_98.Rds code/l2.R
./code/machine_learning.R processed_data/l2_genus_99.Rds code/l2.R
./code/machine_learning.R processed_data/l2_genus_100.Rds code/l2.R
Warning: Your system is mis-configured: ‘/etc/localtime’ is not a symlink
Warning: Your system is mis-configured: ‘/etc/localtime’ is not a symlink
Warning: Your system is mis-configured: ‘/etc/localtime’ is not a symlink
Warning: Your system is mis-configured: ‘/etc/localtime’ is not a symlink
Warning: Your system is mis-configured: ‘/etc/localtime’ is not a symlink
Warning: Your system is mis-configured: ‘/etc/localtime’ is not a symlink
Warning: Your system is mis-configured: ‘/etc/localtime’ is not a symlink
Warning:Warning: Your system is mis-configured: ‘/etc/localtime’ is not a symlink
 Your system is mis-configured: ‘/etc/localtime’ is not a symlink
Warning: Your system is mis-configured: ‘/etc/localtime’ is not a symlink
Warning: Your system is mis-configured: ‘/etc/localtime’ is not a symlink
Warning: Your system is mis-configured: ‘/etc/localtime’ is not a symlink
Warning: Your system is mis-configured: ‘/etc/localtime’ is not a symlink
Warning: Your system is mis-configured: ‘/etc/localtime’ is not a symlink
Warning:Warning: Your system is mis-configured: ‘/etc/localtime’ is not a symlink
 Your system is mis-configured: ‘/etc/localtime’ is not a symlink
Warning: It is strongly recommended to set envionment variable TZ to ‘Asia/Hong_Kong’ (or equivalent)
Warning: It is strongly recommended to set envionment variable TZ to ‘Asia/Hong_Kong’ (or equivalent)
Warning: It is strongly recommended to set envionment variable TZ to ‘Asia/Hong_Kong’ (or equivalent)
Warning: It is strongly recommended to set envionment variable TZ to ‘Asia/Hong_Kong’ (or equivalent)
Warning: It is strongly recommended to set envionment variable TZ to ‘Asia/Hong_Kong’ (or equivalent)
Warning: It is strongly recommended to set envionment variable TZ to ‘Asia/Hong_Kong’ (or equivalent)
Warning: It is strongly recommended to set envionment variable TZ to ‘Asia/Hong_Kong’ (or equivalent)
Warning: It is strongly recommended to set envionment variable TZ to ‘Asia/Hong_Kong’ (or equivalent)
Warning: It is strongly recommended to set envionment variable TZ to ‘Asia/Hong_Kong’ (or equivalent)
Warning:Warning: It is strongly recommended to set envionment variable TZ to ‘Asia/Hong_Kong’ (or equivalent)
 It is strongly recommended to set envionment variable TZ to ‘Asia/Hong_Kong’ (or equivalent)
Warning: It is strongly recommended to set envionment variable TZ to ‘Asia/Hong_Kong’ (or equivalent)
Warning: It is strongly recommended to set envionment variable TZ to ‘Asia/Hong_Kong’ (or equivalent)
Warning: It is strongly recommended to set envionment variable TZ to ‘Asia/Hong_Kong’ (or equivalent)
Warning: It is strongly recommended to set envionment variable TZ to ‘Asia/Hong_Kong’ (or equivalent)
Warning: It is strongly recommended to set envionment variable TZ to ‘Asia/Hong_Kong’ (or equivalent)
── Attaching packages ─────────────────────────────────────── tidyverse 1.3.1 ──
── Attaching packages ─────────────────────────────────────── tidyverse 1.3.1 ──
✔ ggplot2 3.3.5     ✔ purrr   0.3.4
✔ tibble  3.1.4     ✔ dplyr   1.0.7
✔ tidyr   1.1.3     ✔ stringr 1.4.0
✔ readr   2.0.1     ✔ forcats 0.5.1
✔ ggplot2 3.3.5     ✔ purrr   0.3.4
✔ tibble  3.1.4     ✔ dplyr   1.0.7
✔ tidyr   1.1.3     ✔ stringr 1.4.0
✔ readr   2.0.1     ✔ forcats 0.5.1
── Attaching packages ─────────────────────────────────────── tidyverse 1.3.1 ──
✔ ggplot2 3.3.5     ✔ purrr   0.3.4
✔ tibble  3.1.4     ✔ dplyr   1.0.7
✔ tidyr   1.1.3     ✔ stringr 1.4.0
✔ readr   2.0.1     ✔ forcats 0.5.1
── Attaching packages ─────────────────────────────────────── tidyverse 1.3.1 ──
✔ ggplot2 3.3.5     ✔ purrr   0.3.4
✔ tibble  3.1.4     ✔ dplyr   1.0.7
✔ tidyr   1.1.3     ✔ stringr 1.4.0
✔ readr   2.0.1     ✔ forcats 0.5.1
── Attaching packages ─────────────────────────────────────── tidyverse 1.3.1 ──
── Attaching packages ─────────────────────────────────────── tidyverse 1.3.1 ──
✔ ggplot2 3.3.5     ✔ purrr   0.3.4
✔ tibble  3.1.4     ✔ dplyr   1.0.7
✔ tidyr   1.1.3     ✔ stringr 1.4.0
✔ readr   2.0.1     ✔ forcats 0.5.1
── Attaching packages ─────────────────────────────────────── tidyverse 1.3.1 ──
✔ ggplot2 3.3.5     ✔ purrr   0.3.4
✔ tibble  3.1.4     ✔ dplyr   1.0.7
✔ tidyr   1.1.3     ✔ stringr 1.4.0
✔ readr   2.0.1     ✔ forcats 0.5.1
── Conflicts ────────────────────────────────────────── tidyverse_conflicts() ──
✖ dplyr::filter() masks stats::filter()
✖ dplyr::lag()    masks stats::lag()
── Conflicts ────────────────────────────────────────── tidyverse_conflicts() ──
✖ dplyr::filter() masks stats::filter()
✖ dplyr::lag()    masks stats::lag()
✔ ggplot2 3.3.5     ✔ purrr   0.3.4
✔ tibble  3.1.4     ✔ dplyr   1.0.7
✔ tidyr   1.1.3     ✔ stringr 1.4.0
✔ readr   2.0.1     ✔ forcats 0.5.1
── Conflicts ────────────────────────────────────────── tidyverse_conflicts() ──
✖ dplyr::filter() masks stats::filter()
✖ dplyr::lag()    masks stats::lag()
── Attaching packages ─────────────────────────────────────── tidyverse 1.3.1 ──
── Attaching packages ─────────────────────────────────────── tidyverse 1.3.1 ──
── Conflicts ────────────────────────────────────────── tidyverse_conflicts() ──
✖ dplyr::filter() masks stats::filter()
✖ dplyr::lag()    masks stats::lag()
✔ ggplot2 3.3.5     ✔ purrr   0.3.4
✔ tibble  3.1.4     ✔ dplyr   1.0.7
✔ tidyr   1.1.3     ✔ stringr 1.4.0
✔ readr   2.0.1     ✔ forcats 0.5.1
── Attaching packages ─────────────────────────────────────── tidyverse 1.3.1 ──
── Attaching packages ─────────────────────────────────────── tidyverse 1.3.1 ──
── Attaching packages ─────────────────────────────────────── tidyverse 1.3.1 ──
── Attaching packages ─────────────────────────────────────── tidyverse 1.3.1 ──
── Attaching packages ─────────────────────────────────────── tidyverse 1.3.1 ──
✔ ggplot2 3.3.5     ✔ purrr   0.3.4
✔ tibble  3.1.4     ✔ dplyr   1.0.7
✔ tidyr   1.1.3     ✔ stringr 1.4.0
✔ readr   2.0.1     ✔ forcats 0.5.1
── Attaching packages ─────────────────────────────────────── tidyverse 1.3.1 ──
✔ ggplot2 3.3.5     ✔ purrr   0.3.4
✔ tibble  3.1.4     ✔ dplyr   1.0.7
✔ tidyr   1.1.3     ✔ stringr 1.4.0
✔ readr   2.0.1     ✔ forcats 0.5.1
── Attaching packages ─────────────────────────────────────── tidyverse 1.3.1 ──
✔ ggplot2 3.3.5     ✔ purrr   0.3.4
✔ tibble  3.1.4     ✔ dplyr   1.0.7
✔ tidyr   1.1.3     ✔ stringr 1.4.0
✔ readr   2.0.1     ✔ forcats 0.5.1
✔ ggplot2 3.3.5     ✔ purrr   0.3.4
✔ tibble  3.1.4     ✔ dplyr   1.0.7
✔ tidyr   1.1.3     ✔ stringr 1.4.0
✔ readr   2.0.1     ✔ forcats 0.5.1
✔ ggplot2 3.3.5     ✔ purrr   0.3.4
✔ tibble  3.1.4     ✔ dplyr   1.0.7
✔ tidyr   1.1.3     ✔ stringr 1.4.0
✔ readr   2.0.1     ✔ forcats 0.5.1
✔ ggplot2 3.3.5     ✔ purrr   0.3.4
✔ tibble  3.1.4     ✔ dplyr   1.0.7
✔ tidyr   1.1.3     ✔ stringr 1.4.0
✔ readr   2.0.1     ✔ forcats 0.5.1
✔ ggplot2 3.3.5     ✔ purrr   0.3.4
✔ tibble  3.1.4     ✔ dplyr   1.0.7
✔ tidyr   1.1.3     ✔ stringr 1.4.0
✔ readr   2.0.1     ✔ forcats 0.5.1
✔ ggplot2 3.3.5     ✔ purrr   0.3.4
✔ tibble  3.1.4     ✔ dplyr   1.0.7
✔ tidyr   1.1.3     ✔ stringr 1.4.0
✔ readr   2.0.1     ✔ forcats 0.5.1
── Conflicts ────────────────────────────────────────── tidyverse_conflicts() ──
✖ dplyr::filter() masks stats::filter()
✖ dplyr::lag()    masks stats::lag()
── Conflicts ────────────────────────────────────────── tidyverse_conflicts() ──
✖ dplyr::filter() masks stats::filter()
✖ dplyr::lag()    masks stats::lag()
── Conflicts ────────────────────────────────────────── tidyverse_conflicts() ──
✖ dplyr::filter() masks stats::filter()
✖ dplyr::lag()    masks stats::lag()
Rows: 188 Columns: 215
Rows: 188 Columns: 215
── Column specification ────────────────────────────────────────────────────────
Delimiter: "\t"
chr   (1): Biosphare
dbl (214): A31, Abeoformidae, Acantharea Group I, Acantharea Group II, Acant...
── Column specification ────────────────────────────────────────────────────────
Delimiter: "\t"
chr   (1): Biosphare
dbl (214): A31, Abeoformidae, Acantharea Group I, Acantharea Group II, Acant...

ℹ Use `spec()` to retrieve the full column specification for this data.
ℹ Specify the column types or set `show_col_types = FALSE` to quiet this message.

ℹ Use `spec()` to retrieve the full column specification for this data.
ℹ Specify the column types or set `show_col_types = FALSE` to quiet this message.
── Conflicts ────────────────────────────────────────── tidyverse_conflicts() ──
✖ dplyr::filter() masks stats::filter()
✖ dplyr::lag()    masks stats::lag()
Rows: 188 Columns: 215
── Column specification ────────────────────────────────────────────────────────
Delimiter: "\t"
chr   (1): Biosphare
dbl (214): A31, Abeoformidae, Acantharea Group I, Acantharea Group II, Acant...

ℹ Use `spec()` to retrieve the full column specification for this data.
ℹ Specify the column types or set `show_col_types = FALSE` to quiet this message.
Using 'Biosphare' as the outcome column.
Using 'Biosphare' as the outcome column.
── Conflicts ────────────────────────────────────────── tidyverse_conflicts() ──
✖ dplyr::filter() masks stats::filter()
✖ dplyr::lag()    masks stats::lag()
── Conflicts ────────────────────────────────────────── tidyverse_conflicts() ──
✖ dplyr::filter() masks stats::filter()
✖ dplyr::lag()    masks stats::lag()
── Conflicts ────────────────────────────────────────── tidyverse_conflicts() ──
✖ dplyr::filter() masks stats::filter()
✖ dplyr::lag()    masks stats::lag()
Using 'Biosphare' as the outcome column.
── Conflicts ────────────────────────────────────────── tidyverse_conflicts() ──
✖ dplyr::filter() masks stats::filter()
✖ dplyr::lag()    masks stats::lag()
── Conflicts ────────────────────────────────────────── tidyverse_conflicts() ──
✖ dplyr::filter() masks stats::filter()
✖ dplyr::lag()    masks stats::lag()
── Conflicts ────────────────────────────────────────── tidyverse_conflicts() ──
✖ dplyr::filter() masks stats::filter()
✖ dplyr::lag()    masks stats::lag()
── Conflicts ────────────────────────────────────────── tidyverse_conflicts() ──
✖ dplyr::filter() masks stats::filter()
✖ dplyr::lag()    masks stats::lag()
Rows: 188 Columns: 215
── Conflicts ────────────────────────────────────────── tidyverse_conflicts() ──
✖ dplyr::filter() masks stats::filter()
✖ dplyr::lag()    masks stats::lag()
── Column specification ────────────────────────────────────────────────────────
Delimiter: "\t"
chr   (1): Biosphare
dbl (214): A31, Abeoformidae, Acantharea Group I, Acantharea Group II, Acant...

ℹ Use `spec()` to retrieve the full column specification for this data.
ℹ Specify the column types or set `show_col_types = FALSE` to quiet this message.
Using 'Biosphare' as the outcome column.
Rows: 188 Columns: 215
── Column specification ────────────────────────────────────────────────────────
Delimiter: "\t"
chr   (1): Biosphare
dbl (214): A31, Abeoformidae, Acantharea Group I, Acantharea Group II, Acant...
Rows: 188 Columns: 215

ℹ Use `spec()` to retrieve the full column specification for this data.
ℹ Specify the column types or set `show_col_types = FALSE` to quiet this message.
── Column specification ────────────────────────────────────────────────────────
Delimiter: "\t"
chr   (1): Biosphare
dbl (214): A31, Abeoformidae, Acantharea Group I, Acantharea Group II, Acant...

ℹ Use `spec()` to retrieve the full column specification for this data.
ℹ Specify the column types or set `show_col_types = FALSE` to quiet this message.
Rows: 188 Columns: 215
── Column specification ────────────────────────────────────────────────────────
Delimiter: "\t"
chr   (1): Biosphare
dbl (214): A31, Abeoformidae, Acantharea Group I, Acantharea Group II, Acant...

ℹ Use `spec()` to retrieve the full column specification for this data.
ℹ Specify the column types or set `show_col_types = FALSE` to quiet this message.
Using 'Biosphare' as the outcome column.
Using 'Biosphare' as the outcome column.
Using 'Biosphare' as the outcome column.
Rows: 188 Columns: 215
── Column specification ────────────────────────────────────────────────────────
Delimiter: "\t"
chr   (1): Biosphare
dbl (214): A31, Abeoformidae, Acantharea Group I, Acantharea Group II, Acant...

ℹ Use `spec()` to retrieve the full column specification for this data.
ℹ Specify the column types or set `show_col_types = FALSE` to quiet this message.
Using 'Biosphare' as the outcome column.
Rows: 188 Columns: 215
── Column specification ────────────────────────────────────────────────────────
Delimiter: "\t"
chr   (1): Biosphare
dbl (214): A31, Abeoformidae, Acantharea Group I, Acantharea Group II, Acant...
Rows: 188 Columns: 215
Rows: 188 Columns: 215

ℹ Use `spec()` to retrieve the full column specification for this data.
ℹ Specify the column types or set `show_col_types = FALSE` to quiet this message.
── Column specification ────────────────────────────────────────────────────────
Delimiter: "\t"
chr   (1): Biosphare
dbl (214): A31, Abeoformidae, Acantharea Group I, Acantharea Group II, Acant...
── Column specification ────────────────────────────────────────────────────────
Delimiter: "\t"
chr   (1): Biosphare
dbl (214): A31, Abeoformidae, Acantharea Group I, Acantharea Group II, Acant...
Rows: 188 Columns: 215
Rows: 188 Columns: 215
Rows: 188 Columns: 215

ℹ Use `spec()` to retrieve the full column specification for this data.
ℹ Specify the column types or set `show_col_types = FALSE` to quiet this message.
── Column specification ────────────────────────────────────────────────────────
Delimiter: "\t"
chr   (1): Biosphare
dbl (214): A31, Abeoformidae, Acantharea Group I, Acantharea Group II, Acant...
── Column specification ────────────────────────────────────────────────────────
Delimiter: "\t"
chr   (1): Biosphare
dbl (214): A31, Abeoformidae, Acantharea Group I, Acantharea Group II, Acant...

ℹ Use `spec()` to retrieve the full column specification for this data.
ℹ Specify the column types or set `show_col_types = FALSE` to quiet this message.
── Column specification ────────────────────────────────────────────────────────
Delimiter: "\t"
chr   (1): Biosphare
dbl (214): A31, Abeoformidae, Acantharea Group I, Acantharea Group II, Acant...
Rows: 188 Columns: 215

ℹ Use `spec()` to retrieve the full column specification for this data.
ℹ Specify the column types or set `show_col_types = FALSE` to quiet this message.

ℹ Use `spec()` to retrieve the full column specification for this data.
ℹ Specify the column types or set `show_col_types = FALSE` to quiet this message.
Using 'Biosphare' as the outcome column.

ℹ Use `spec()` to retrieve the full column specification for this data.
ℹ Specify the column types or set `show_col_types = FALSE` to quiet this message.
── Column specification ────────────────────────────────────────────────────────
Delimiter: "\t"
chr   (1): Biosphare
dbl (214): A31, Abeoformidae, Acantharea Group I, Acantharea Group II, Acant...
Rows: 188 Columns: 215
Using 'Biosphare' as the outcome column.

ℹ Use `spec()` to retrieve the full column specification for this data.
ℹ Specify the column types or set `show_col_types = FALSE` to quiet this message.
Using 'Biosphare' as the outcome column.
── Column specification ────────────────────────────────────────────────────────
Delimiter: "\t"
chr   (1): Biosphare
dbl (214): A31, Abeoformidae, Acantharea Group I, Acantharea Group II, Acant...
Using 'Biosphare' as the outcome column.
Using 'Biosphare' as the outcome column.

ℹ Use `spec()` to retrieve the full column specification for this data.
ℹ Specify the column types or set `show_col_types = FALSE` to quiet this message.
Using 'Biosphare' as the outcome column.
Using 'Biosphare' as the outcome column.
Using 'Biosphare' as the outcome column.
Using 'Biosphare' as the outcome column.
Using 'Biosphare' as the outcome column.
Using 'Biosphare' as the outcome column.
Training the model...
Training the model...
Training the model...
Using 'Biosphare' as the outcome column.
Training the model...
Using 'Biosphare' as the outcome column.
Using 'Biosphare' as the outcome column.
Using 'Biosphare' as the outcome column.
Loading required package: lattice
Using 'Biosphare' as the outcome column.
Loading required package: lattice

Attaching package: ‘caret’

The following object is masked from ‘package:purrr’:

    lift

Loading required package: lattice
Training the model...
Training the model...
Training the model...

Attaching package: ‘caret’

The following object is masked from ‘package:purrr’:

    lift


Attaching package: ‘caret’

The following object is masked from ‘package:purrr’:

    lift

Using 'Biosphare' as the outcome column.
Using 'Biosphare' as the outcome column.
Training the model...
Using 'Biosphare' as the outcome column.
Using 'Biosphare' as the outcome column.
Using 'Biosphare' as the outcome column.
Using 'Biosphare' as the outcome column.
Using 'Biosphare' as the outcome column.
Using 'Biosphare' as the outcome column.
Loading required package: lattice

Attaching package: ‘caret’

The following object is masked from ‘package:purrr’:

    lift

Training the model...
Training the model...
Training the model...
Training the model...
Training the model...
Training the model...
Training the model...
Training the model...
Loading required package: lattice
Loading required package: lattice
Loading required package: lattice

Attaching package: ‘caret’

The following object is masked from ‘package:purrr’:

    lift


Attaching package: ‘caret’

The following object is masked from ‘package:purrr’:

    lift


Attaching package: ‘caret’

The following object is masked from ‘package:purrr’:

    lift

Loading required package: lattice

Attaching package: ‘caret’

The following object is masked from ‘package:purrr’:

    lift

Loading required package: lattice
Loading required package: lattice
Loading required package: lattice

Attaching package: ‘caret’


Attaching package: ‘caret’

The following object is masked from ‘package:purrr’:

    lift

The following object is masked from ‘package:purrr’:

    lift

Loading required package: lattice
Loading required package: lattice
Loading required package: lattice
Loading required package: lattice

Attaching package: ‘caret’

The following object is masked from ‘package:purrr’:

    lift

Loading required package: lattice

Attaching package: ‘caret’

The following object is masked from ‘package:purrr’:

    lift


Attaching package: ‘caret’

The following object is masked from ‘package:purrr’:

    lift


Attaching package: ‘caret’

The following object is masked from ‘package:purrr’:

    lift


Attaching package: ‘caret’

The following object is masked from ‘package:purrr’:

    lift


Attaching package: ‘caret’

The following object is masked from ‘package:purrr’:

    lift

Training complete.
Finding feature importance...
Training complete.
Finding feature importance...
Training complete.
Finding feature importance...
Training complete.
Finding feature importance...
Training complete.
Finding feature importance...
Training complete.
Finding feature importance...
Training complete.
Training complete.
Finding feature importance...
Finding feature importance...
Training complete.
Finding feature importance...
Training complete.
Training complete.
Finding feature importance...
Training complete.
Finding feature importance...
Training complete.
Finding feature importance...
Finding feature importance...
Training complete.
Finding feature importance...
Training complete.
Finding feature importance...
Training complete.
Finding feature importance...
