./code/machine_learning.R processed_data/rf_genus_84.Rds code/rf_dep.R
./code/machine_learning.R processed_data/rf_genus_85.Rds code/rf_dep.R
./code/machine_learning.R processed_data/rf_genus_87.Rds code/rf_dep.R
./code/machine_learning.R processed_data/rf_genus_88.Rds code/rf_dep.R
./code/machine_learning.R processed_data/rf_genus_89.Rds code/rf_dep.R
./code/machine_learning.R processed_data/rf_genus_90.Rds code/rf_dep.R
./code/machine_learning.R processed_data/rf_genus_91.Rds code/rf_dep.R
./code/machine_learning.R processed_data/rf_genus_92.Rds code/rf_dep.R
./code/machine_learning.R processed_data/rf_genus_93.Rds code/rf_dep.R
./code/machine_learning.R processed_data/rf_genus_94.Rds code/rf_dep.R
./code/machine_learning.R processed_data/rf_genus_95.Rds code/rf_dep.R
./code/machine_learning.R processed_data/rf_genus_96.Rds code/rf_dep.R
./code/machine_learning.R processed_data/rf_genus_97.Rds code/rf_dep.R
./code/machine_learning.R processed_data/rf_genus_98.Rds code/rf_dep.R
./code/machine_learning.R processed_data/rf_genus_99.Rds code/rf_dep.R
./code/machine_learning.R processed_data/rf_genus_100.Rds code/rf_dep.R
Warning:Warning: Your system is mis-configured: ‘/etc/localtime’ is not a symlink
 Your system is mis-configured: ‘/etc/localtime’ is not a symlink
Warning: Your system is mis-configured: ‘/etc/localtime’ is not a symlink
Warning: Your system is mis-configured: ‘/etc/localtime’ is not a symlink
Warning: Your system is mis-configured: ‘/etc/localtime’ is not a symlink
Warning: Your system is mis-configured: ‘/etc/localtime’ is not a symlink
Warning: Your system is mis-configured: ‘/etc/localtime’ is not a symlink
Warning: Your system is mis-configured: ‘/etc/localtime’ is not a symlink
Warning: Your system is mis-configured: ‘/etc/localtime’ is not a symlink
Warning: Your system is mis-configured: ‘/etc/localtime’ is not a symlink
Warning: Your system is mis-configured: ‘/etc/localtime’ is not a symlink
Warning: Your system is mis-configured: ‘/etc/localtime’ is not a symlink
Warning: Your system is mis-configured: ‘/etc/localtime’ is not a symlink
Warning: Your system is mis-configured: ‘/etc/localtime’ is not a symlink
Warning: Your system is mis-configured: ‘/etc/localtime’ is not a symlink
Warning: Your system is mis-configured: ‘/etc/localtime’ is not a symlink
Warning: It is strongly recommended to set envionment variable TZ to ‘Asia/Hong_Kong’ (or equivalent)
Warning: It is strongly recommended to set envionment variable TZ to ‘Asia/Hong_Kong’ (or equivalent)
Warning: It is strongly recommended to set envionment variable TZ to ‘Asia/Hong_Kong’ (or equivalent)
Warning: It is strongly recommended to set envionment variable TZ to ‘Asia/Hong_Kong’ (or equivalent)
Warning: It is strongly recommended to set envionment variable TZ to ‘Asia/Hong_Kong’ (or equivalent)
Warning: It is strongly recommended to set envionment variable TZ to ‘Asia/Hong_Kong’ (or equivalent)
Warning: It is strongly recommended to set envionment variable TZ to ‘Asia/Hong_Kong’ (or equivalent)
Warning: It is strongly recommended to set envionment variable TZ to ‘Asia/Hong_Kong’ (or equivalent)
Warning: It is strongly recommended to set envionment variable TZ to ‘Asia/Hong_Kong’ (or equivalent)
Warning: It is strongly recommended to set envionment variable TZ to ‘Asia/Hong_Kong’ (or equivalent)
Warning: It is strongly recommended to set envionment variable TZ to ‘Asia/Hong_Kong’ (or equivalent)
Warning: It is strongly recommended to set envionment variable TZ to ‘Asia/Hong_Kong’ (or equivalent)
Warning: It is strongly recommended to set envionment variable TZ to ‘Asia/Hong_Kong’ (or equivalent)
Warning: It is strongly recommended to set envionment variable TZ to ‘Asia/Hong_Kong’ (or equivalent)
Warning: It is strongly recommended to set envionment variable TZ to ‘Asia/Hong_Kong’ (or equivalent)
Warning: It is strongly recommended to set envionment variable TZ to ‘Asia/Hong_Kong’ (or equivalent)
── Attaching packages ─────────────────────────────────────── tidyverse 1.3.1 ──
── Attaching packages ─────────────────────────────────────── tidyverse 1.3.1 ──
✔ ggplot2 3.3.5     ✔ purrr   0.3.4
✔ tibble  3.1.4     ✔ dplyr   1.0.7
✔ tidyr   1.1.3     ✔ stringr 1.4.0
✔ readr   2.0.1     ✔ forcats 0.5.1
✔ ggplot2 3.3.5     ✔ purrr   0.3.4
✔ tibble  3.1.4     ✔ dplyr   1.0.7
✔ tidyr   1.1.3     ✔ stringr 1.4.0
✔ readr   2.0.1     ✔ forcats 0.5.1
── Attaching packages ─────────────────────────────────────── tidyverse 1.3.1 ──
── Attaching packages ─────────────────────────────────────── tidyverse 1.3.1 ──
── Attaching packages ─────────────────────────────────────── tidyverse 1.3.1 ──
✔ ggplot2 3.3.5     ✔ purrr   0.3.4
✔ tibble  3.1.4     ✔ dplyr   1.0.7
✔ tidyr   1.1.3     ✔ stringr 1.4.0
✔ readr   2.0.1     ✔ forcats 0.5.1
✔ ggplot2 3.3.5     ✔ purrr   0.3.4
✔ tibble  3.1.4     ✔ dplyr   1.0.7
✔ tidyr   1.1.3     ✔ stringr 1.4.0
✔ readr   2.0.1     ✔ forcats 0.5.1
✔ ggplot2 3.3.5     ✔ purrr   0.3.4
✔ tibble  3.1.4     ✔ dplyr   1.0.7
✔ tidyr   1.1.3     ✔ stringr 1.4.0
✔ readr   2.0.1     ✔ forcats 0.5.1
── Attaching packages ─────────────────────────────────────── tidyverse 1.3.1 ──
✔ ggplot2 3.3.5     ✔ purrr   0.3.4
✔ tibble  3.1.4     ✔ dplyr   1.0.7
✔ tidyr   1.1.3     ✔ stringr 1.4.0
✔ readr   2.0.1     ✔ forcats 0.5.1
── Attaching packages ─────────────────────────────────────── tidyverse 1.3.1 ──
── Attaching packages ─────────────────────────────────────── tidyverse 1.3.1 ──
── Attaching packages ─────────────────────────────────────── tidyverse 1.3.1 ──
✔ ggplot2 3.3.5     ✔ purrr   0.3.4
✔ tibble  3.1.4     ✔ dplyr   1.0.7
✔ tidyr   1.1.3     ✔ stringr 1.4.0
✔ readr   2.0.1     ✔ forcats 0.5.1
── Attaching packages ─────────────────────────────────────── tidyverse 1.3.1 ──
── Conflicts ────────────────────────────────────────── tidyverse_conflicts() ──
✖ dplyr::filter() masks stats::filter()
✖ dplyr::lag()    masks stats::lag()
✔ ggplot2 3.3.5     ✔ purrr   0.3.4
✔ tibble  3.1.4     ✔ dplyr   1.0.7
✔ tidyr   1.1.3     ✔ stringr 1.4.0
✔ readr   2.0.1     ✔ forcats 0.5.1
✔ ggplot2 3.3.5     ✔ purrr   0.3.4
✔ tibble  3.1.4     ✔ dplyr   1.0.7
✔ tidyr   1.1.3     ✔ stringr 1.4.0
✔ readr   2.0.1     ✔ forcats 0.5.1
── Attaching packages ─────────────────────────────────────── tidyverse 1.3.1 ──
── Conflicts ────────────────────────────────────────── tidyverse_conflicts() ──
✖ dplyr::filter() masks stats::filter()
✖ dplyr::lag()    masks stats::lag()
✔ ggplot2 3.3.5     ✔ purrr   0.3.4
✔ tibble  3.1.4     ✔ dplyr   1.0.7
✔ tidyr   1.1.3     ✔ stringr 1.4.0
✔ readr   2.0.1     ✔ forcats 0.5.1
── Attaching packages ─────────────────────────────────────── tidyverse 1.3.1 ──
── Attaching packages ─────────────────────────────────────── tidyverse 1.3.1 ──
── Attaching packages ─────────────────────────────────────── tidyverse 1.3.1 ──
── Attaching packages ─────────────────────────────────────── tidyverse 1.3.1 ──
── Attaching packages ─────────────────────────────────────── tidyverse 1.3.1 ──
✔ ggplot2 3.3.5     ✔ purrr   0.3.4
✔ tibble  3.1.4     ✔ dplyr   1.0.7
✔ tidyr   1.1.3     ✔ stringr 1.4.0
✔ readr   2.0.1     ✔ forcats 0.5.1
── Conflicts ────────────────────────────────────────── tidyverse_conflicts() ──
✖ dplyr::filter() masks stats::filter()
✖ dplyr::lag()    masks stats::lag()
✔ ggplot2 3.3.5     ✔ purrr   0.3.4
✔ tibble  3.1.4     ✔ dplyr   1.0.7
✔ tidyr   1.1.3     ✔ stringr 1.4.0
✔ readr   2.0.1     ✔ forcats 0.5.1
── Conflicts ────────────────────────────────────────── tidyverse_conflicts() ──
✖ dplyr::filter() masks stats::filter()
✖ dplyr::lag()    masks stats::lag()
✔ ggplot2 3.3.5     ✔ purrr   0.3.4
✔ tibble  3.1.4     ✔ dplyr   1.0.7
✔ tidyr   1.1.3     ✔ stringr 1.4.0
✔ readr   2.0.1     ✔ forcats 0.5.1
✔ ggplot2 3.3.5     ✔ purrr   0.3.4
✔ tibble  3.1.4     ✔ dplyr   1.0.7
✔ tidyr   1.1.3     ✔ stringr 1.4.0
✔ readr   2.0.1     ✔ forcats 0.5.1
✔ ggplot2 3.3.5     ✔ purrr   0.3.4
✔ tibble  3.1.4     ✔ dplyr   1.0.7
✔ tidyr   1.1.3     ✔ stringr 1.4.0
✔ readr   2.0.1     ✔ forcats 0.5.1
✔ ggplot2 3.3.5     ✔ purrr   0.3.4
✔ tibble  3.1.4     ✔ dplyr   1.0.7
✔ tidyr   1.1.3     ✔ stringr 1.4.0
✔ readr   2.0.1     ✔ forcats 0.5.1
── Conflicts ────────────────────────────────────────── tidyverse_conflicts() ──
✖ dplyr::filter() masks stats::filter()
✖ dplyr::lag()    masks stats::lag()
── Conflicts ────────────────────────────────────────── tidyverse_conflicts() ──
✖ dplyr::filter() masks stats::filter()
✖ dplyr::lag()    masks stats::lag()
── Conflicts ────────────────────────────────────────── tidyverse_conflicts() ──
✖ dplyr::filter() masks stats::filter()
✖ dplyr::lag()    masks stats::lag()
── Conflicts ────────────────────────────────────────── tidyverse_conflicts() ──
✖ dplyr::filter() masks stats::filter()
✖ dplyr::lag()    masks stats::lag()
── Conflicts ────────────────────────────────────────── tidyverse_conflicts() ──
✖ dplyr::filter() masks stats::filter()
✖ dplyr::lag()    masks stats::lag()
── Conflicts ────────────────────────────────────────── tidyverse_conflicts() ──
✖ dplyr::filter() masks stats::filter()
✖ dplyr::lag()    masks stats::lag()
── Conflicts ────────────────────────────────────────── tidyverse_conflicts() ──
✖ dplyr::filter() masks stats::filter()
✖ dplyr::lag()    masks stats::lag()
── Conflicts ────────────────────────────────────────── tidyverse_conflicts() ──
✖ dplyr::filter() masks stats::filter()
✖ dplyr::lag()    masks stats::lag()
── Conflicts ────────────────────────────────────────── tidyverse_conflicts() ──
✖ dplyr::filter() masks stats::filter()
✖ dplyr::lag()    masks stats::lag()
── Conflicts ────────────────────────────────────────── tidyverse_conflicts() ──
✖ dplyr::filter() masks stats::filter()
✖ dplyr::lag()    masks stats::lag()
── Conflicts ────────────────────────────────────────── tidyverse_conflicts() ──
✖ dplyr::filter() masks stats::filter()
✖ dplyr::lag()    masks stats::lag()
── Conflicts ────────────────────────────────────────── tidyverse_conflicts() ──
✖ dplyr::filter() masks stats::filter()
✖ dplyr::lag()    masks stats::lag()
Rows: 188 Columns: 216
Rows: 188 Columns: 216
── Column specification ────────────────────────────────────────────────────────
Delimiter: "\t"
chr   (1): Biosphare
dbl (215): Depth, A31, Abeoformidae, Acantharea Group I, Acantharea Group II...
── Column specification ────────────────────────────────────────────────────────
Delimiter: "\t"
chr   (1): Biosphare
dbl (215): Depth, A31, Abeoformidae, Acantharea Group I, Acantharea Group II...

ℹ Use `spec()` to retrieve the full column specification for this data.
ℹ Specify the column types or set `show_col_types = FALSE` to quiet this message.

ℹ Use `spec()` to retrieve the full column specification for this data.
ℹ Specify the column types or set `show_col_types = FALSE` to quiet this message.
Rows: 188 Columns: 216
── Column specification ────────────────────────────────────────────────────────
Delimiter: "\t"
chr   (1): Biosphare
dbl (215): Depth, A31, Abeoformidae, Acantharea Group I, Acantharea Group II...
Rows: 188 Columns: 216

ℹ Use `spec()` to retrieve the full column specification for this data.
ℹ Specify the column types or set `show_col_types = FALSE` to quiet this message.
Rows: 188 Columns: 216
── Column specification ────────────────────────────────────────────────────────
Delimiter: "\t"
chr   (1): Biosphare
dbl (215): Depth, A31, Abeoformidae, Acantharea Group I, Acantharea Group II...
── Column specification ────────────────────────────────────────────────────────
Delimiter: "\t"
chr   (1): Biosphare
dbl (215): Depth, A31, Abeoformidae, Acantharea Group I, Acantharea Group II...
Using 'Biosphare' as the outcome column.
Using 'Biosphare' as the outcome column.

ℹ Use `spec()` to retrieve the full column specification for this data.
ℹ Specify the column types or set `show_col_types = FALSE` to quiet this message.

ℹ Use `spec()` to retrieve the full column specification for this data.
ℹ Specify the column types or set `show_col_types = FALSE` to quiet this message.
Using 'Biosphare' as the outcome column.
Rows: 188 Columns: 216
── Column specification ────────────────────────────────────────────────────────
Delimiter: "\t"
chr   (1): Biosphare
dbl (215): Depth, A31, Abeoformidae, Acantharea Group I, Acantharea Group II...
Using 'Biosphare' as the outcome column.

ℹ Use `spec()` to retrieve the full column specification for this data.
ℹ Specify the column types or set `show_col_types = FALSE` to quiet this message.
Using 'Biosphare' as the outcome column.
Using 'Biosphare' as the outcome column.
Rows: 188 Columns: 216
── Column specification ────────────────────────────────────────────────────────
Delimiter: "\t"
chr   (1): Biosphare
dbl (215): Depth, A31, Abeoformidae, Acantharea Group I, Acantharea Group II...

ℹ Use `spec()` to retrieve the full column specification for this data.
ℹ Specify the column types or set `show_col_types = FALSE` to quiet this message.
Rows: 188 Columns: 216
Rows: 188 Columns: 216
── Column specification ────────────────────────────────────────────────────────
Delimiter: "\t"
chr   (1): Biosphare
dbl (215): Depth, A31, Abeoformidae, Acantharea Group I, Acantharea Group II...
── Column specification ────────────────────────────────────────────────────────
Delimiter: "\t"
chr   (1): Biosphare
dbl (215): Depth, A31, Abeoformidae, Acantharea Group I, Acantharea Group II...
Using 'Biosphare' as the outcome column.

ℹ Use `spec()` to retrieve the full column specification for this data.
ℹ Specify the column types or set `show_col_types = FALSE` to quiet this message.
Rows: 188 Columns: 216

ℹ Use `spec()` to retrieve the full column specification for this data.
ℹ Specify the column types or set `show_col_types = FALSE` to quiet this message.
── Column specification ────────────────────────────────────────────────────────
Delimiter: "\t"
chr   (1): Biosphare
dbl (215): Depth, A31, Abeoformidae, Acantharea Group I, Acantharea Group II...

ℹ Use `spec()` to retrieve the full column specification for this data.
ℹ Specify the column types or set `show_col_types = FALSE` to quiet this message.
Using 'Biosphare' as the outcome column.
Rows: 188 Columns: 216
Using 'Biosphare' as the outcome column.
── Column specification ────────────────────────────────────────────────────────
Delimiter: "\t"
chr   (1): Biosphare
dbl (215): Depth, A31, Abeoformidae, Acantharea Group I, Acantharea Group II...
Using 'Biosphare' as the outcome column.

ℹ Use `spec()` to retrieve the full column specification for this data.
ℹ Specify the column types or set `show_col_types = FALSE` to quiet this message.
Rows: 188 Columns: 216
Rows: 188 Columns: 216
Rows: 188 Columns: 216
Rows: 188 Columns: 216
Rows: 188 Columns: 216
── Column specification ────────────────────────────────────────────────────────
Delimiter: "\t"
chr   (1): Biosphare
dbl (215): Depth, A31, Abeoformidae, Acantharea Group I, Acantharea Group II...
── Column specification ────────────────────────────────────────────────────────
Delimiter: "\t"
chr   (1): Biosphare
dbl (215): Depth, A31, Abeoformidae, Acantharea Group I, Acantharea Group II...
── Column specification ────────────────────────────────────────────────────────
Delimiter: "\t"
chr   (1): Biosphare
dbl (215): Depth, A31, Abeoformidae, Acantharea Group I, Acantharea Group II...
── Column specification ────────────────────────────────────────────────────────
Delimiter: "\t"
chr   (1): Biosphare
dbl (215): Depth, A31, Abeoformidae, Acantharea Group I, Acantharea Group II...
── Column specification ────────────────────────────────────────────────────────
Delimiter: "\t"
chr   (1): Biosphare
dbl (215): Depth, A31, Abeoformidae, Acantharea Group I, Acantharea Group II...

ℹ Use `spec()` to retrieve the full column specification for this data.
ℹ Specify the column types or set `show_col_types = FALSE` to quiet this message.

ℹ Use `spec()` to retrieve the full column specification for this data.
ℹ Specify the column types or set `show_col_types = FALSE` to quiet this message.

ℹ Use `spec()` to retrieve the full column specification for this data.
ℹ Specify the column types or set `show_col_types = FALSE` to quiet this message.

ℹ Use `spec()` to retrieve the full column specification for this data.
ℹ Specify the column types or set `show_col_types = FALSE` to quiet this message.
Using 'Biosphare' as the outcome column.

ℹ Use `spec()` to retrieve the full column specification for this data.
ℹ Specify the column types or set `show_col_types = FALSE` to quiet this message.
Using 'Biosphare' as the outcome column.
Using 'Biosphare' as the outcome column.
Using 'Biosphare' as the outcome column.
Using 'Biosphare' as the outcome column.
Using 'Biosphare' as the outcome column.
Using 'Biosphare' as the outcome column.
Using 'Biosphare' as the outcome column.
Using 'Biosphare' as the outcome column.
Using 'Biosphare' as the outcome column.
Using 'Biosphare' as the outcome column.
Training the model...
Using 'Biosphare' as the outcome column.
Training the model...
Training the model...
Training the model...
Training the model...
Training the model...
Using 'Biosphare' as the outcome column.
Using 'Biosphare' as the outcome column.
Using 'Biosphare' as the outcome column.
Using 'Biosphare' as the outcome column.
Using 'Biosphare' as the outcome column.
Loading required package: lattice
Using 'Biosphare' as the outcome column.
Training the model...
Using 'Biosphare' as the outcome column.
Training the model...
Using 'Biosphare' as the outcome column.
Using 'Biosphare' as the outcome column.
Using 'Biosphare' as the outcome column.

Attaching package: ‘caret’

The following object is masked from ‘package:purrr’:

    lift

Training the model...
Training the model...
Loading required package: lattice
Loading required package: lattice
Loading required package: lattice
Training the model...

Attaching package: ‘caret’

The following object is masked from ‘package:purrr’:

    lift

Loading required package: lattice

Attaching package: ‘caret’

The following object is masked from ‘package:purrr’:

    lift


Attaching package: ‘caret’

The following object is masked from ‘package:purrr’:

    lift

Loading required package: lattice
Training the model...

Attaching package: ‘caret’

The following object is masked from ‘package:purrr’:

    lift

Training the model...
Training the model...
Training the model...

Attaching package: ‘caret’

The following object is masked from ‘package:purrr’:

    lift

Training the model...
Loading required package: lattice
Loading required package: lattice

Attaching package: ‘caret’

The following object is masked from ‘package:purrr’:

    lift


Attaching package: ‘caret’

The following object is masked from ‘package:purrr’:

    lift

Loading required package: lattice
Loading required package: lattice
Loading required package: lattice

Attaching package: ‘caret’

The following object is masked from ‘package:purrr’:

    lift


Attaching package: ‘caret’

The following object is masked from ‘package:purrr’:

    lift

Loading required package: lattice

Attaching package: ‘caret’

The following object is masked from ‘package:purrr’:

    lift

Loading required package: lattice
Loading required package: lattice
Loading required package: lattice

Attaching package: ‘caret’

The following object is masked from ‘package:purrr’:

    lift

Loading required package: lattice

Attaching package: ‘caret’

The following object is masked from ‘package:purrr’:

    lift


Attaching package: ‘caret’

The following object is masked from ‘package:purrr’:

    lift


Attaching package: ‘caret’

The following object is masked from ‘package:purrr’:

    lift


Attaching package: ‘caret’

The following object is masked from ‘package:purrr’:

    lift

Training complete.
Finding feature importance...
Training complete.
Finding feature importance...
Training complete.
Finding feature importance...
Training complete.
Finding feature importance...
Training complete.
Finding feature importance...
Training complete.
Finding feature importance...
Training complete.
Finding feature importance...
Training complete.
Finding feature importance...
Training complete.
Finding feature importance...
Training complete.
Finding feature importance...
Training complete.
Finding feature importance...
Training complete.
Finding feature importance...
Training complete.
Finding feature importance...
Training complete.
Finding feature importance...
Training complete.
Finding feature importance...
Training complete.
Finding feature importance...
Feature importance complete.
Feature importance complete.
Feature importance complete.
Feature importance complete.
Feature importance complete.
Feature importance complete.
Feature importance complete.
Feature importance complete.
Feature importance complete.
Feature importance complete.
Feature importance complete.
Feature importance complete.
Feature importance complete.
Feature importance complete.
Feature importance complete.
Feature importance complete.
code/grab_ML_result.R processed_data/rf_genus_1.Rds processed_data/rf_genus_2.Rds processed_data/rf_genus_3.Rds processed_data/rf_genus_4.Rds processed_data/rf_genus_5.Rds processed_data/rf_genus_6.Rds processed_data/rf_genus_7.Rds processed_data/rf_genus_8.Rds processed_data/rf_genus_9.Rds processed_data/rf_genus_10.Rds processed_data/rf_genus_11.Rds processed_data/rf_genus_12.Rds processed_data/rf_genus_13.Rds processed_data/rf_genus_14.Rds processed_data/rf_genus_15.Rds processed_data/rf_genus_16.Rds processed_data/rf_genus_17.Rds processed_data/rf_genus_18.Rds processed_data/rf_genus_19.Rds processed_data/rf_genus_20.Rds processed_data/rf_genus_21.Rds processed_data/rf_genus_22.Rds processed_data/rf_genus_23.Rds processed_data/rf_genus_24.Rds processed_data/rf_genus_25.Rds processed_data/rf_genus_26.Rds processed_data/rf_genus_27.Rds processed_data/rf_genus_28.Rds processed_data/rf_genus_29.Rds processed_data/rf_genus_30.Rds processed_data/rf_genus_31.Rds processed_data/rf_genus_32.Rds processed_data/rf_genus_33.Rds processed_data/rf_genus_34.Rds processed_data/rf_genus_35.Rds processed_data/rf_genus_36.Rds processed_data/rf_genus_37.Rds processed_data/rf_genus_38.Rds processed_data/rf_genus_39.Rds processed_data/rf_genus_40.Rds processed_data/rf_genus_41.Rds processed_data/rf_genus_42.Rds processed_data/rf_genus_43.Rds processed_data/rf_genus_44.Rds processed_data/rf_genus_45.Rds processed_data/rf_genus_46.Rds processed_data/rf_genus_47.Rds processed_data/rf_genus_48.Rds processed_data/rf_genus_49.Rds processed_data/rf_genus_50.Rds processed_data/rf_genus_51.Rds processed_data/rf_genus_52.Rds processed_data/rf_genus_53.Rds processed_data/rf_genus_54.Rds processed_data/rf_genus_55.Rds processed_data/rf_genus_56.Rds processed_data/rf_genus_57.Rds processed_data/rf_genus_58.Rds processed_data/rf_genus_59.Rds processed_data/rf_genus_60.Rds processed_data/rf_genus_61.Rds processed_data/rf_genus_62.Rds processed_data/rf_genus_63.Rds processed_data/rf_genus_64.Rds processed_data/rf_genus_65.Rds processed_data/rf_genus_66.Rds processed_data/rf_genus_67.Rds processed_data/rf_genus_68.Rds processed_data/rf_genus_69.Rds processed_data/rf_genus_70.Rds processed_data/rf_genus_71.Rds processed_data/rf_genus_72.Rds processed_data/rf_genus_73.Rds processed_data/rf_genus_74.Rds processed_data/rf_genus_75.Rds processed_data/rf_genus_76.Rds processed_data/rf_genus_77.Rds processed_data/rf_genus_78.Rds processed_data/rf_genus_79.Rds processed_data/rf_genus_80.Rds processed_data/rf_genus_81.Rds processed_data/rf_genus_82.Rds processed_data/rf_genus_83.Rds processed_data/rf_genus_84.Rds processed_data/rf_genus_85.Rds processed_data/rf_genus_86.Rds processed_data/rf_genus_87.Rds processed_data/rf_genus_88.Rds processed_data/rf_genus_89.Rds processed_data/rf_genus_90.Rds processed_data/rf_genus_91.Rds processed_data/rf_genus_92.Rds processed_data/rf_genus_93.Rds processed_data/rf_genus_94.Rds processed_data/rf_genus_95.Rds processed_data/rf_genus_96.Rds processed_data/rf_genus_97.Rds processed_data/rf_genus_98.Rds processed_data/rf_genus_99.Rds processed_data/rf_genus_100.Rds
Warning: Your system is mis-configured: ‘/etc/localtime’ is not a symlink
Warning: It is strongly recommended to set envionment variable TZ to ‘Asia/Hong_Kong’ (or equivalent)
── Attaching packages ─────────────────────────────────────── tidyverse 1.3.1 ──
✔ ggplot2 3.3.5     ✔ purrr   0.3.4
✔ tibble  3.1.4     ✔ dplyr   1.0.7
✔ tidyr   1.1.3     ✔ stringr 1.4.0
✔ readr   2.0.1     ✔ forcats 0.5.1
── Conflicts ────────────────────────────────────────── tidyverse_conflicts() ──
✖ dplyr::filter() masks stats::filter()
✖ dplyr::lag()    masks stats::lag()

Attaching package: ‘glue’

The following object is masked from ‘package:dplyr’:

    collapse


Attaching package: ‘reshape2’

The following object is masked from ‘package:tidyr’:

    smiths

