./code/machine_learning.R processed_data/rf_genus_42.Rds code/rf_dep.R
./code/machine_learning.R processed_data/rf_genus_43.Rds code/rf_dep.R
./code/machine_learning.R processed_data/rf_genus_44.Rds code/rf_dep.R
./code/machine_learning.R processed_data/rf_genus_45.Rds code/rf_dep.R
./code/machine_learning.R processed_data/rf_genus_46.Rds code/rf_dep.R
./code/machine_learning.R processed_data/rf_genus_47.Rds code/rf_dep.R
./code/machine_learning.R processed_data/rf_genus_48.Rds code/rf_dep.R
./code/machine_learning.R processed_data/rf_genus_49.Rds code/rf_dep.R
./code/machine_learning.R processed_data/rf_genus_50.Rds code/rf_dep.R
./code/machine_learning.R processed_data/rf_genus_51.Rds code/rf_dep.R
./code/machine_learning.R processed_data/rf_genus_52.Rds code/rf_dep.R
./code/machine_learning.R processed_data/rf_genus_53.Rds code/rf_dep.R
./code/machine_learning.R processed_data/rf_genus_54.Rds code/rf_dep.R
./code/machine_learning.R processed_data/rf_genus_55.Rds code/rf_dep.R
./code/machine_learning.R processed_data/rf_genus_56.Rds code/rf_dep.R
./code/machine_learning.R processed_data/rf_genus_57.Rds code/rf_dep.R
./code/machine_learning.R processed_data/rf_genus_58.Rds code/rf_dep.R
./code/machine_learning.R processed_data/rf_genus_59.Rds code/rf_dep.R
./code/machine_learning.R processed_data/rf_genus_60.Rds code/rf_dep.R
./code/machine_learning.R processed_data/rf_genus_62.Rds code/rf_dep.R
./code/machine_learning.R processed_data/rf_genus_63.Rds code/rf_dep.R
./code/machine_learning.R processed_data/rf_genus_64.Rds code/rf_dep.R
./code/machine_learning.R processed_data/rf_genus_65.Rds code/rf_dep.R
./code/machine_learning.R processed_data/rf_genus_66.Rds code/rf_dep.R
./code/machine_learning.R processed_data/rf_genus_67.Rds code/rf_dep.R
./code/machine_learning.R processed_data/rf_genus_68.Rds code/rf_dep.R
./code/machine_learning.R processed_data/rf_genus_69.Rds code/rf_dep.R
./code/machine_learning.R processed_data/rf_genus_70.Rds code/rf_dep.R
./code/machine_learning.R processed_data/rf_genus_71.Rds code/rf_dep.R
./code/machine_learning.R processed_data/rf_genus_72.Rds code/rf_dep.R
./code/machine_learning.R processed_data/rf_genus_73.Rds code/rf_dep.R
./code/machine_learning.R processed_data/rf_genus_74.Rds code/rf_dep.R
./code/machine_learning.R processed_data/rf_genus_75.Rds code/rf_dep.R
./code/machine_learning.R processed_data/rf_genus_76.Rds code/rf_dep.R
./code/machine_learning.R processed_data/rf_genus_77.Rds code/rf_dep.R
./code/machine_learning.R processed_data/rf_genus_78.Rds code/rf_dep.R
./code/machine_learning.R processed_data/rf_genus_79.Rds code/rf_dep.R
./code/machine_learning.R processed_data/rf_genus_80.Rds code/rf_dep.R
./code/machine_learning.R processed_data/rf_genus_81.Rds code/rf_dep.R
./code/machine_learning.R processed_data/rf_genus_82.Rds code/rf_dep.R
./code/machine_learning.R processed_data/rf_genus_83.Rds code/rf_dep.R
./code/machine_learning.R processed_data/rf_genus_84.Rds code/rf_dep.R
./code/machine_learning.R processed_data/rf_genus_85.Rds code/rf_dep.R
./code/machine_learning.R processed_data/rf_genus_86.Rds code/rf_dep.R
./code/machine_learning.R processed_data/rf_genus_87.Rds code/rf_dep.R
./code/machine_learning.R processed_data/rf_genus_88.Rds code/rf_dep.R
./code/machine_learning.R processed_data/rf_genus_89.Rds code/rf_dep.R
./code/machine_learning.R processed_data/rf_genus_90.Rds code/rf_dep.R
./code/machine_learning.R processed_data/rf_genus_91.Rds code/rf_dep.R
./code/machine_learning.R processed_data/rf_genus_92.Rds code/rf_dep.R
./code/machine_learning.R processed_data/rf_genus_93.Rds code/rf_dep.R
./code/machine_learning.R processed_data/rf_genus_94.Rds code/rf_dep.R
./code/machine_learning.R processed_data/rf_genus_95.Rds code/rf_dep.R
./code/machine_learning.R processed_data/rf_genus_96.Rds code/rf_dep.R
./code/machine_learning.R processed_data/rf_genus_97.Rds code/rf_dep.R
./code/machine_learning.R processed_data/rf_genus_98.Rds code/rf_dep.R
./code/machine_learning.R processed_data/rf_genus_99.Rds code/rf_dep.R
./code/machine_learning.R processed_data/rf_genus_100.Rds code/rf_dep.R
OpenBLAS blas_thread_init: pthread_create failed for thread 22 of 24: Resource temporarily unavailable
OpenBLAS blas_thread_init: RLIMIT_NPROC 1024 current, 515122 max
make: *** [Makefile:4: processed_data/rf_genus_84.Rds] Interrupt
make: *** Waiting for unfinished jobs....
OpenBLAS blas_thread_init: pthread_create failed for thread 23 of 24: Resource temporarily unavailable
OpenBLAS blas_thread_init: RLIMIT_NPROC 1024 current, 515122 max
make: *** [Makefile:4: processed_data/rf_genus_85.Rds] Interrupt
OpenBLAS blas_thread_init: pthread_create failed for thread 1 of 24: Resource temporarily unavailable
OpenBLAS blas_thread_init: RLIMIT_NPROC 1024 current, 515122 max
make: *** [Makefile:4: processed_data/rf_genus_87.Rds] Interrupt
OpenBLAS blas_thread_init: pthread_create failed for thread 2 of 24: Resource temporarily unavailable
OpenBLAS blas_thread_init: RLIMIT_NPROC 1024 current, 515122 max
make: *** [Makefile:4: processed_data/rf_genus_89.Rds] Interrupt
OpenBLAS blas_thread_init: pthread_create failed for thread 3 of 24: Resource temporarily unavailable
OpenBLAS blas_thread_init: RLIMIT_NPROC 1024 current, 515122 max
make: *** [Makefile:4: processed_data/rf_genus_88.Rds] Interrupt
OpenBLAS blas_thread_init: pthread_create failed for thread 4 of 24: Resource temporarily unavailable
OpenBLAS blas_thread_init: RLIMIT_NPROC 1024 current, 515122 max
make: *** [Makefile:4: processed_data/rf_genus_91.Rds] Interrupt
OpenBLAS blas_thread_init: pthread_create failed for thread 5 of 24: Resource temporarily unavailable
OpenBLAS blas_thread_init: RLIMIT_NPROC 1024 current, 515122 max
make: *** [Makefile:4: processed_data/rf_genus_90.Rds] Interrupt
OpenBLAS blas_thread_init: pthread_create failed for thread 6 of 24: Resource temporarily unavailable
OpenBLAS blas_thread_init: RLIMIT_NPROC 1024 current, 515122 max
OpenBLAS blas_thread_init: pthread_create failed for thread 1 of 24: Resource temporarily unavailable
make: *** [Makefile:4: processed_data/rf_genus_92.Rds] Interrupt
OpenBLAS blas_thread_init: RLIMIT_NPROC 1024 current, 515122 max
make: *** [Makefile:4: processed_data/rf_genus_93.Rds] Interrupt
OpenBLAS blas_thread_init: pthread_create failed for thread 6 of 24: Resource temporarily unavailable
OpenBLAS blas_thread_init: RLIMIT_NPROC 1024 current, 515122 max
OpenBLAS blas_thread_init: pthread_create failed for thread 3 of 24: Resource temporarily unavailable
make: *** [Makefile:4: processed_data/rf_genus_94.Rds] Interrupt
OpenBLAS blas_thread_init: RLIMIT_NPROC 1024 current, 515122 max
make: *** [Makefile:4: processed_data/rf_genus_95.Rds] Interrupt
OpenBLAS blas_thread_init: pthread_create failed for thread 10 of 24: Resource temporarily unavailable
OpenBLAS blas_thread_init: RLIMIT_NPROC 1024 current, 515122 max
make: *** [Makefile:4: processed_data/rf_genus_96.Rds] Interrupt
OpenBLAS blas_thread_init: pthread_create failed for thread 11 of 24: Resource temporarily unavailable
OpenBLAS blas_thread_init: RLIMIT_NPROC 1024 current, 515122 max
make: *** [Makefile:4: processed_data/rf_genus_98.Rds] Interrupt
OpenBLAS blas_thread_init: pthread_create failed for thread 12 of 24: Resource temporarily unavailable
OpenBLAS blas_thread_init: RLIMIT_NPROC 1024 current, 515122 max
make: *** [Makefile:4: processed_data/rf_genus_97.Rds] Interrupt
OpenBLAS blas_thread_init: pthread_create failed for thread 10 of 24: Resource temporarily unavailable
OpenBLAS blas_thread_init: pthread_create failed for thread 4 of 24: Resource temporarily unavailable
OpenBLAS blas_thread_init: RLIMIT_NPROC 1024 current, 515122 max
OpenBLAS blas_thread_init: RLIMIT_NPROC 1024 current, 515122 max
make: *** [Makefile:4: processed_data/rf_genus_100.Rds] Interrupt
make: *** [Makefile:4: processed_data/rf_genus_99.Rds] Interrupt
Warning: Your system is mis-configured: ‘/etc/localtime’ is not a symlink
Warning: Your system is mis-configured: ‘/etc/localtime’ is not a symlink
Warning: Your system is mis-configured: ‘/etc/localtime’ is not a symlink
Warning: Your system is mis-configured: ‘/etc/localtime’ is not a symlink
Warning: Your system is mis-configured: ‘/etc/localtime’ is not a symlink
Warning: Your system is mis-configured: ‘/etc/localtime’ is not a symlink
Warning: Your system is mis-configured: ‘/etc/localtime’ is not a symlink
Warning: Your system is mis-configured: ‘/etc/localtime’ is not a symlink
Warning: Your system is mis-configured: ‘/etc/localtime’ is not a symlink
Warning: Your system is mis-configured: ‘/etc/localtime’ is not a symlink
Warning: Your system is mis-configured: ‘/etc/localtime’ is not a symlink
Warning: Your system is mis-configured: ‘/etc/localtime’ is not a symlink
Warning:Warning: Your system is mis-configured: ‘/etc/localtime’ is not a symlink
 Your system is mis-configured: ‘/etc/localtime’ is not a symlink
Warning: Your system is mis-configured: ‘/etc/localtime’ is not a symlink
Warning: Your system is mis-configured: ‘/etc/localtime’ is not a symlink
Warning: Your system is mis-configured: ‘/etc/localtime’ is not a symlink
Warning: Your system is mis-configured: ‘/etc/localtime’ is not a symlink
Warning: Your system is mis-configured: ‘/etc/localtime’ is not a symlink
Warning: Your system is mis-configured: ‘/etc/localtime’ is not a symlink
Warning: Your system is mis-configured: ‘/etc/localtime’ is not a symlink
Warning:Warning: Your system is mis-configured: ‘/etc/localtime’ is not a symlink
 Your system is mis-configured: ‘/etc/localtime’ is not a symlink
Warning: Your system is mis-configured: ‘/etc/localtime’ is not a symlink
Warning: Your system is mis-configured: ‘/etc/localtime’ is not a symlink
Warning: Your system is mis-configured: ‘/etc/localtime’ is not a symlink
Warning: Your system is mis-configured: ‘/etc/localtime’ is not a symlink
Warning: Your system is mis-configured: ‘/etc/localtime’ is not a symlink
Warning: Your system is mis-configured: ‘/etc/localtime’ is not a symlink
Warning: Your system is mis-configured: ‘/etc/localtime’ is not a symlink
Warning: Your system is mis-configured: ‘/etc/localtime’ is not a symlink
Warning: Your system is mis-configured: ‘/etc/localtime’ is not a symlink
Warning: Your system is mis-configured: ‘/etc/localtime’ is not a symlink
Warning: Your system is mis-configured: ‘/etc/localtime’ is not a symlink
Warning:Warning: Your system is mis-configured: ‘/etc/localtime’ is not a symlink
Warning: Your system is mis-configured: ‘/etc/localtime’ is not a symlink
 Your system is mis-configured: ‘/etc/localtime’ is not a symlink
Warning: Your system is mis-configured: ‘/etc/localtime’ is not a symlink
Warning:Warning: Your system is mis-configured: ‘/etc/localtime’ is not a symlink
 Your system is mis-configured: ‘/etc/localtime’ is not a symlink
Warning: Your system is mis-configured: ‘/etc/localtime’ is not a symlink
Warning: Your system is mis-configured: ‘/etc/localtime’ is not a symlink
Warning: It is strongly recommended to set envionment variable TZ to ‘Asia/Hong_Kong’ (or equivalent)
Warning: It is strongly recommended to set envionment variable TZ to ‘Asia/Hong_Kong’ (or equivalent)
Warning: It is strongly recommended to set envionment variable TZ to ‘Asia/Hong_Kong’ (or equivalent)
Warning: It is strongly recommended to set envionment variable TZ to ‘Asia/Hong_Kong’ (or equivalent)
Warning: It is strongly recommended to set envionment variable TZ to ‘Asia/Hong_Kong’ (or equivalent)
Warning: It is strongly recommended to set envionment variable TZ to ‘Asia/Hong_Kong’ (or equivalent)
Warning: It is strongly recommended to set envionment variable TZ to ‘Asia/Hong_Kong’ (or equivalent)
Warning: It is strongly recommended to set envionment variable TZ to ‘Asia/Hong_Kong’ (or equivalent)
Warning: It is strongly recommended to set envionment variable TZ to ‘Asia/Hong_Kong’ (or equivalent)
Warning: It is strongly recommended to set envionment variable TZ to ‘Asia/Hong_Kong’ (or equivalent)
Warning: It is strongly recommended to set envionment variable TZ to ‘Asia/Hong_Kong’ (or equivalent)
Warning: It is strongly recommended to set envionment variable TZ to ‘Asia/Hong_Kong’ (or equivalent)
Warning: It is strongly recommended to set envionment variable TZ to ‘Asia/Hong_Kong’ (or equivalent)
Warning: It is strongly recommended to set envionment variable TZ to ‘Asia/Hong_Kong’ (or equivalent)
Warning:Warning: It is strongly recommended to set envionment variable TZ to ‘Asia/Hong_Kong’ (or equivalent)
 It is strongly recommended to set envionment variable TZ to ‘Asia/Hong_Kong’ (or equivalent)
Warning: It is strongly recommended to set envionment variable TZ to ‘Asia/Hong_Kong’ (or equivalent)
Warning: It is strongly recommended to set envionment variable TZ to ‘Asia/Hong_Kong’ (or equivalent)
Warning: It is strongly recommended to set envionment variable TZ to ‘Asia/Hong_Kong’ (or equivalent)
Warning: It is strongly recommended to set envionment variable TZ to ‘Asia/Hong_Kong’ (or equivalent)
Warning: It is strongly recommended to set envionment variable TZ to ‘Asia/Hong_Kong’ (or equivalent)
Warning: It is strongly recommended to set envionment variable TZ to ‘Asia/Hong_Kong’ (or equivalent)
Warning: It is strongly recommended to set envionment variable TZ to ‘Asia/Hong_Kong’ (or equivalent)
Warning: It is strongly recommended to set envionment variable TZ to ‘Asia/Hong_Kong’ (or equivalent)
Warning: It is strongly recommended to set envionment variable TZ to ‘Asia/Hong_Kong’ (or equivalent)
Warning: It is strongly recommended to set envionment variable TZ to ‘Asia/Hong_Kong’ (or equivalent)
Warning:Warning:Warning:Warning: It is strongly recommended to set envionment variable TZ to ‘Asia/Hong_Kong’ (or equivalent)
 It is strongly recommended to set envionment variable TZ to ‘Asia/Hong_Kong’ (or equivalent)
Warning: It is strongly recommended to set envionment variable TZ to ‘Asia/Hong_Kong’ (or equivalent)
Warning: It is strongly recommended to set envionment variable TZ to ‘Asia/Hong_Kong’ (or equivalent)
Warning: It is strongly recommended to set envionment variable TZ to ‘Asia/Hong_Kong’ (or equivalent)
 It is strongly recommended to set envionment variable TZ to ‘Asia/Hong_Kong’ (or equivalent)
 It is strongly recommended to set envionment variable TZ to ‘Asia/Hong_Kong’ (or equivalent)
Warning: It is strongly recommended to set envionment variable TZ to ‘Asia/Hong_Kong’ (or equivalent)
Warning: It is strongly recommended to set envionment variable TZ to ‘Asia/Hong_Kong’ (or equivalent)
Warning:Warning: It is strongly recommended to set envionment variable TZ to ‘Asia/Hong_Kong’ (or equivalent)
 It is strongly recommended to set envionment variable TZ to ‘Asia/Hong_Kong’ (or equivalent)
Warning: It is strongly recommended to set envionment variable TZ to ‘Asia/Hong_Kong’ (or equivalent)
Warning: It is strongly recommended to set envionment variable TZ to ‘Asia/Hong_Kong’ (or equivalent)
Warning: It is strongly recommended to set envionment variable TZ to ‘Asia/Hong_Kong’ (or equivalent)
Warning: It is strongly recommended to set envionment variable TZ to ‘Asia/Hong_Kong’ (or equivalent)
Warning: It is strongly recommended to set envionment variable TZ to ‘Asia/Hong_Kong’ (or equivalent)
── Attaching packages ─────────────────────────────────────── tidyverse 1.3.1 ──
── Attaching packages ─────────────────────────────────────── tidyverse 1.3.1 ──
── Attaching packages ─────────────────────────────────────── tidyverse 1.3.1 ──
✔ ggplot2 3.3.5     ✔ purrr   0.3.4
✔ tibble  3.1.4     ✔ dplyr   1.0.7
✔ tidyr   1.1.3     ✔ stringr 1.4.0
✔ readr   2.0.1     ✔ forcats 0.5.1
✔ ggplot2 3.3.5     ✔ purrr   0.3.4
✔ tibble  3.1.4     ✔ dplyr   1.0.7
✔ tidyr   1.1.3     ✔ stringr 1.4.0
✔ readr   2.0.1     ✔ forcats 0.5.1
✔ ggplot2 3.3.5     ✔ purrr   0.3.4
✔ tibble  3.1.4     ✔ dplyr   1.0.7
✔ tidyr   1.1.3     ✔ stringr 1.4.0
✔ readr   2.0.1     ✔ forcats 0.5.1
── Attaching packages ─────────────────────────────────────── tidyverse 1.3.1 ──
── Attaching packages ─────────────────────────────────────── tidyverse 1.3.1 ──
── Attaching packages ─────────────────────────────────────── tidyverse 1.3.1 ──
✔ ggplot2 3.3.5     ✔ purrr   0.3.4
✔ tibble  3.1.4     ✔ dplyr   1.0.7
✔ tidyr   1.1.3     ✔ stringr 1.4.0
✔ readr   2.0.1     ✔ forcats 0.5.1
✔ ggplot2 3.3.5     ✔ purrr   0.3.4
✔ tibble  3.1.4     ✔ dplyr   1.0.7
✔ tidyr   1.1.3     ✔ stringr 1.4.0
✔ readr   2.0.1     ✔ forcats 0.5.1
✔ ggplot2 3.3.5     ✔ purrr   0.3.4
✔ tibble  3.1.4     ✔ dplyr   1.0.7
✔ tidyr   1.1.3     ✔ stringr 1.4.0
✔ readr   2.0.1     ✔ forcats 0.5.1
── Attaching packages ─────────────────────────────────────── tidyverse 1.3.1 ──
✔ ggplot2 3.3.5     ✔ purrr   0.3.4
✔ tibble  3.1.4     ✔ dplyr   1.0.7
✔ tidyr   1.1.3     ✔ stringr 1.4.0
✔ readr   2.0.1     ✔ forcats 0.5.1
── Attaching packages ─────────────────────────────────────── tidyverse 1.3.1 ──
── Attaching packages ─────────────────────────────────────── tidyverse 1.3.1 ──
── Attaching packages ─────────────────────────────────────── tidyverse 1.3.1 ──
✔ ggplot2 3.3.5     ✔ purrr   0.3.4
✔ tibble  3.1.4     ✔ dplyr   1.0.7
✔ tidyr   1.1.3     ✔ stringr 1.4.0
✔ readr   2.0.1     ✔ forcats 0.5.1
✔ ggplot2 3.3.5     ✔ purrr   0.3.4
✔ tibble  3.1.4     ✔ dplyr   1.0.7
✔ tidyr   1.1.3     ✔ stringr 1.4.0
✔ readr   2.0.1     ✔ forcats 0.5.1
── Attaching packages ─────────────────────────────────────── tidyverse 1.3.1 ──
✔ ggplot2 3.3.5     ✔ purrr   0.3.4
✔ tibble  3.1.4     ✔ dplyr   1.0.7
✔ tidyr   1.1.3     ✔ stringr 1.4.0
✔ readr   2.0.1     ✔ forcats 0.5.1
── Attaching packages ─────────────────────────────────────── tidyverse 1.3.1 ──
── Attaching packages ─────────────────────────────────────── tidyverse 1.3.1 ──
── Conflicts ────────────────────────────────────────── tidyverse_conflicts() ──
✖ dplyr::filter() masks stats::filter()
✖ dplyr::lag()    masks stats::lag()
── Conflicts ────────────────────────────────────────── tidyverse_conflicts() ──
✖ dplyr::filter() masks stats::filter()
✖ dplyr::lag()    masks stats::lag()
── Conflicts ────────────────────────────────────────── tidyverse_conflicts() ──
✖ dplyr::filter() masks stats::filter()
✖ dplyr::lag()    masks stats::lag()
── Attaching packages ─────────────────────────────────────── tidyverse 1.3.1 ──
── Attaching packages ─────────────────────────────────────── tidyverse 1.3.1 ──
── Attaching packages ─────────────────────────────────────── tidyverse 1.3.1 ──
✔ ggplot2 3.3.5     ✔ purrr   0.3.4
✔ tibble  3.1.4     ✔ dplyr   1.0.7
✔ tidyr   1.1.3     ✔ stringr 1.4.0
✔ readr   2.0.1     ✔ forcats 0.5.1
✔ ggplot2 3.3.5     ✔ purrr   0.3.4
✔ tibble  3.1.4     ✔ dplyr   1.0.7
✔ tidyr   1.1.3     ✔ stringr 1.4.0
✔ readr   2.0.1     ✔ forcats 0.5.1
✔ ggplot2 3.3.5     ✔ purrr   0.3.4
✔ tibble  3.1.4     ✔ dplyr   1.0.7
✔ tidyr   1.1.3     ✔ stringr 1.4.0
✔ readr   2.0.1     ✔ forcats 0.5.1
── Attaching packages ─────────────────────────────────────── tidyverse 1.3.1 ──
── Attaching packages ─────────────────────────────────────── tidyverse 1.3.1 ──
── Attaching packages ─────────────────────────────────────── tidyverse 1.3.1 ──
── Attaching packages ─────────────────────────────────────── tidyverse 1.3.1 ──
── Attaching packages ─────────────────────────────────────── tidyverse 1.3.1 ──
── Attaching packages ─────────────────────────────────────── tidyverse 1.3.1 ──
── Attaching packages ─────────────────────────────────────── tidyverse 1.3.1 ──
── Attaching packages ─────────────────────────────────────── tidyverse 1.3.1 ──
── Attaching packages ─────────────────────────────────────── tidyverse 1.3.1 ──
✔ ggplot2 3.3.5     ✔ purrr   0.3.4
✔ tibble  3.1.4     ✔ dplyr   1.0.7
✔ tidyr   1.1.3     ✔ stringr 1.4.0
✔ readr   2.0.1     ✔ forcats 0.5.1
── Attaching packages ─────────────────────────────────────── tidyverse 1.3.1 ──
── Attaching packages ─────────────────────────────────────── tidyverse 1.3.1 ──
✔ ggplot2 3.3.5     ✔ purrr   0.3.4
✔ tibble  3.1.4     ✔ dplyr   1.0.7
✔ tidyr   1.1.3     ✔ stringr 1.4.0
✔ readr   2.0.1     ✔ forcats 0.5.1
✔ ggplot2 3.3.5     ✔ purrr   0.3.4
✔ tibble  3.1.4     ✔ dplyr   1.0.7
✔ tidyr   1.1.3     ✔ stringr 1.4.0
✔ readr   2.0.1     ✔ forcats 0.5.1
── Attaching packages ─────────────────────────────────────── tidyverse 1.3.1 ──
── Attaching packages ─────────────────────────────────────── tidyverse 1.3.1 ──
── Attaching packages ─────────────────────────────────────── tidyverse 1.3.1 ──
── Attaching packages ─────────────────────────────────────── tidyverse 1.3.1 ──
── Attaching packages ─────────────────────────────────────── tidyverse 1.3.1 ──
── Attaching packages ─────────────────────────────────────── tidyverse 1.3.1 ──
── Attaching packages ─────────────────────────────────────── tidyverse 1.3.1 ──
── Attaching packages ─────────────────────────────────────── tidyverse 1.3.1 ──
── Attaching packages ─────────────────────────────────────── tidyverse 1.3.1 ──
✔ ggplot2 3.3.5     ✔ purrr   0.3.4
✔ tibble  3.1.4     ✔ dplyr   1.0.7
✔ tidyr   1.1.3     ✔ stringr 1.4.0
✔ readr   2.0.1     ✔ forcats 0.5.1
── Attaching packages ─────────────────────────────────────── tidyverse 1.3.1 ──
✔ ggplot2 3.3.5     ✔ purrr   0.3.4
✔ tibble  3.1.4     ✔ dplyr   1.0.7
✔ tidyr   1.1.3     ✔ stringr 1.4.0
✔ readr   2.0.1     ✔ forcats 0.5.1
✔ ggplot2 3.3.5     ✔ purrr   0.3.4
✔ tibble  3.1.4     ✔ dplyr   1.0.7
✔ tidyr   1.1.3     ✔ stringr 1.4.0
✔ readr   2.0.1     ✔ forcats 0.5.1
── Attaching packages ─────────────────────────────────────── tidyverse 1.3.1 ──
── Conflicts ────────────────────────────────────────── tidyverse_conflicts() ──
✖ dplyr::filter() masks stats::filter()
✖ dplyr::lag()    masks stats::lag()
✔ ggplot2 3.3.5     ✔ purrr   0.3.4
✔ tibble  3.1.4     ✔ dplyr   1.0.7
✔ tidyr   1.1.3     ✔ stringr 1.4.0
✔ readr   2.0.1     ✔ forcats 0.5.1
✔ ggplot2 3.3.5     ✔ purrr   0.3.4
✔ tibble  3.1.4     ✔ dplyr   1.0.7
✔ tidyr   1.1.3     ✔ stringr 1.4.0
✔ readr   2.0.1     ✔ forcats 0.5.1
── Attaching packages ─────────────────────────────────────── tidyverse 1.3.1 ──
✔ ggplot2 3.3.5     ✔ purrr   0.3.4
✔ tibble  3.1.4     ✔ dplyr   1.0.7
✔ tidyr   1.1.3     ✔ stringr 1.4.0
✔ readr   2.0.1     ✔ forcats 0.5.1
── Attaching packages ─────────────────────────────────────── tidyverse 1.3.1 ──
── Attaching packages ─────────────────────────────────────── tidyverse 1.3.1 ──
✔ ggplot2 3.3.5     ✔ purrr   0.3.4
✔ tibble  3.1.4     ✔ dplyr   1.0.7
✔ tidyr   1.1.3     ✔ stringr 1.4.0
✔ readr   2.0.1     ✔ forcats 0.5.1
── Attaching packages ─────────────────────────────────────── tidyverse 1.3.1 ──
✔ ggplot2 3.3.5     ✔ purrr   0.3.4
✔ tibble  3.1.4     ✔ dplyr   1.0.7
✔ tidyr   1.1.3     ✔ stringr 1.4.0
✔ readr   2.0.1     ✔ forcats 0.5.1
✔ ggplot2 3.3.5     ✔ purrr   0.3.4
✔ tibble  3.1.4     ✔ dplyr   1.0.7
✔ tidyr   1.1.3     ✔ stringr 1.4.0
✔ readr   2.0.1     ✔ forcats 0.5.1
── Conflicts ────────────────────────────────────────── tidyverse_conflicts() ──
✖ dplyr::filter() masks stats::filter()
✖ dplyr::lag()    masks stats::lag()
── Conflicts ────────────────────────────────────────── tidyverse_conflicts() ──
✖ dplyr::filter() masks stats::filter()
✖ dplyr::lag()    masks stats::lag()
✔ ggplot2 3.3.5     ✔ purrr   0.3.4
✔ tibble  3.1.4     ✔ dplyr   1.0.7
✔ tidyr   1.1.3     ✔ stringr 1.4.0
✔ readr   2.0.1     ✔ forcats 0.5.1
✔ ggplot2 3.3.5     ✔ purrr   0.3.4
✔ tibble  3.1.4     ✔ dplyr   1.0.7
✔ tidyr   1.1.3     ✔ stringr 1.4.0
✔ readr   2.0.1     ✔ forcats 0.5.1
✔ ggplot2 3.3.5     ✔ purrr   0.3.4
✔ tibble  3.1.4     ✔ dplyr   1.0.7
✔ tidyr   1.1.3     ✔ stringr 1.4.0
✔ readr   2.0.1     ✔ forcats 0.5.1
✔ ggplot2 3.3.5     ✔ purrr   0.3.4
✔ tibble  3.1.4     ✔ dplyr   1.0.7
✔ tidyr   1.1.3     ✔ stringr 1.4.0
✔ readr   2.0.1     ✔ forcats 0.5.1
✔ ggplot2 3.3.5     ✔ purrr   0.3.4
✔ tibble  3.1.4     ✔ dplyr   1.0.7
✔ tidyr   1.1.3     ✔ stringr 1.4.0
✔ readr   2.0.1     ✔ forcats 0.5.1
✔ ggplot2 3.3.5     ✔ purrr   0.3.4
✔ tibble  3.1.4     ✔ dplyr   1.0.7
✔ tidyr   1.1.3     ✔ stringr 1.4.0
✔ readr   2.0.1     ✔ forcats 0.5.1
✔ ggplot2 3.3.5     ✔ purrr   0.3.4
✔ tibble  3.1.4     ✔ dplyr   1.0.7
✔ tidyr   1.1.3     ✔ stringr 1.4.0
✔ readr   2.0.1     ✔ forcats 0.5.1
✔ ggplot2 3.3.5     ✔ purrr   0.3.4
✔ tibble  3.1.4     ✔ dplyr   1.0.7
✔ tidyr   1.1.3     ✔ stringr 1.4.0
✔ readr   2.0.1     ✔ forcats 0.5.1
✔ ggplot2 3.3.5     ✔ purrr   0.3.4
✔ tibble  3.1.4     ✔ dplyr   1.0.7
✔ tidyr   1.1.3     ✔ stringr 1.4.0
✔ readr   2.0.1     ✔ forcats 0.5.1
✔ ggplot2 3.3.5     ✔ purrr   0.3.4
✔ tibble  3.1.4     ✔ dplyr   1.0.7
✔ tidyr   1.1.3     ✔ stringr 1.4.0
✔ readr   2.0.1     ✔ forcats 0.5.1
✔ ggplot2 3.3.5     ✔ purrr   0.3.4
✔ tibble  3.1.4     ✔ dplyr   1.0.7
✔ tidyr   1.1.3     ✔ stringr 1.4.0
✔ readr   2.0.1     ✔ forcats 0.5.1
✔ ggplot2 3.3.5     ✔ purrr   0.3.4
✔ tibble  3.1.4     ✔ dplyr   1.0.7
✔ tidyr   1.1.3     ✔ stringr 1.4.0
✔ readr   2.0.1     ✔ forcats 0.5.1
✔ ggplot2 3.3.5     ✔ purrr   0.3.4
✔ tibble  3.1.4     ✔ dplyr   1.0.7
✔ tidyr   1.1.3     ✔ stringr 1.4.0
✔ readr   2.0.1     ✔ forcats 0.5.1
✔ ggplot2 3.3.5     ✔ purrr   0.3.4
✔ tibble  3.1.4     ✔ dplyr   1.0.7
✔ tidyr   1.1.3     ✔ stringr 1.4.0
✔ readr   2.0.1     ✔ forcats 0.5.1
✔ ggplot2 3.3.5     ✔ purrr   0.3.4
✔ tibble  3.1.4     ✔ dplyr   1.0.7
✔ tidyr   1.1.3     ✔ stringr 1.4.0
✔ readr   2.0.1     ✔ forcats 0.5.1
✔ ggplot2 3.3.5     ✔ purrr   0.3.4
✔ tibble  3.1.4     ✔ dplyr   1.0.7
✔ tidyr   1.1.3     ✔ stringr 1.4.0
✔ readr   2.0.1     ✔ forcats 0.5.1
✔ ggplot2 3.3.5     ✔ purrr   0.3.4
✔ tibble  3.1.4     ✔ dplyr   1.0.7
✔ tidyr   1.1.3     ✔ stringr 1.4.0
✔ readr   2.0.1     ✔ forcats 0.5.1
── Conflicts ────────────────────────────────────────── tidyverse_conflicts() ──
✖ dplyr::filter() masks stats::filter()
✖ dplyr::lag()    masks stats::lag()
── Conflicts ────────────────────────────────────────── tidyverse_conflicts() ──
✖ dplyr::filter() masks stats::filter()
✖ dplyr::lag()    masks stats::lag()
── Conflicts ────────────────────────────────────────── tidyverse_conflicts() ──
✖ dplyr::filter() masks stats::filter()
✖ dplyr::lag()    masks stats::lag()
── Conflicts ────────────────────────────────────────── tidyverse_conflicts() ──
✖ dplyr::filter() masks stats::filter()
✖ dplyr::lag()    masks stats::lag()
── Conflicts ────────────────────────────────────────── tidyverse_conflicts() ──
✖ dplyr::filter() masks stats::filter()
✖ dplyr::lag()    masks stats::lag()
── Conflicts ────────────────────────────────────────── tidyverse_conflicts() ──
✖ dplyr::filter() masks stats::filter()
✖ dplyr::lag()    masks stats::lag()
── Conflicts ────────────────────────────────────────── tidyverse_conflicts() ──
✖ dplyr::filter() masks stats::filter()
✖ dplyr::lag()    masks stats::lag()
Rows: 188 Columns: 216
Rows: 188 Columns: 216
── Column specification ────────────────────────────────────────────────────────
Delimiter: "\t"
chr   (1): Biosphare
dbl (215): Depth, A31, Abeoformidae, Acantharea Group I, Acantharea Group II...
── Column specification ────────────────────────────────────────────────────────
Delimiter: "\t"
chr   (1): Biosphare
dbl (215): Depth, A31, Abeoformidae, Acantharea Group I, Acantharea Group II...

ℹ Use `spec()` to retrieve the full column specification for this data.
ℹ Specify the column types or set `show_col_types = FALSE` to quiet this message.
Rows: 188 Columns: 216

ℹ Use `spec()` to retrieve the full column specification for this data.
ℹ Specify the column types or set `show_col_types = FALSE` to quiet this message.
── Conflicts ────────────────────────────────────────── tidyverse_conflicts() ──
✖ dplyr::filter() masks stats::filter()
✖ dplyr::lag()    masks stats::lag()
── Column specification ────────────────────────────────────────────────────────
Delimiter: "\t"
chr   (1): Biosphare
dbl (215): Depth, A31, Abeoformidae, Acantharea Group I, Acantharea Group II...

ℹ Use `spec()` to retrieve the full column specification for this data.
ℹ Specify the column types or set `show_col_types = FALSE` to quiet this message.
── Conflicts ────────────────────────────────────────── tidyverse_conflicts() ──
✖ dplyr::filter() masks stats::filter()
✖ dplyr::lag()    masks stats::lag()
── Conflicts ────────────────────────────────────────── tidyverse_conflicts() ──
✖ dplyr::filter() masks stats::filter()
✖ dplyr::lag()    masks stats::lag()
── Conflicts ────────────────────────────────────────── tidyverse_conflicts() ──
✖ dplyr::filter() masks stats::filter()
✖ dplyr::lag()    masks stats::lag()
── Conflicts ────────────────────────────────────────── tidyverse_conflicts() ──
✖ dplyr::filter() masks stats::filter()
✖ dplyr::lag()    masks stats::lag()
── Conflicts ────────────────────────────────────────── tidyverse_conflicts() ──
✖ dplyr::filter() masks stats::filter()
✖ dplyr::lag()    masks stats::lag()
── Conflicts ────────────────────────────────────────── tidyverse_conflicts() ──
✖ dplyr::filter() masks stats::filter()
✖ dplyr::lag()    masks stats::lag()
── Conflicts ────────────────────────────────────────── tidyverse_conflicts() ──
✖ dplyr::filter() masks stats::filter()
✖ dplyr::lag()    masks stats::lag()
── Conflicts ────────────────────────────────────────── tidyverse_conflicts() ──
✖ dplyr::filter() masks stats::filter()
✖ dplyr::lag()    masks stats::lag()
── Conflicts ────────────────────────────────────────── tidyverse_conflicts() ──
✖ dplyr::filter() masks stats::filter()
✖ dplyr::lag()    masks stats::lag()
── Conflicts ────────────────────────────────────────── tidyverse_conflicts() ──
✖ dplyr::filter() masks stats::filter()
✖ dplyr::lag()    masks stats::lag()
── Conflicts ────────────────────────────────────────── tidyverse_conflicts() ──
✖ dplyr::filter() masks stats::filter()
✖ dplyr::lag()    masks stats::lag()
── Conflicts ────────────────────────────────────────── tidyverse_conflicts() ──
✖ dplyr::filter() masks stats::filter()
✖ dplyr::lag()    masks stats::lag()
── Conflicts ────────────────────────────────────────── tidyverse_conflicts() ──
✖ dplyr::filter() masks stats::filter()
✖ dplyr::lag()    masks stats::lag()
Using 'Biosphare' as the outcome column.
Using 'Biosphare' as the outcome column.
Using 'Biosphare' as the outcome column.
── Conflicts ────────────────────────────────────────── tidyverse_conflicts() ──
✖ dplyr::filter() masks stats::filter()
✖ dplyr::lag()    masks stats::lag()
── Conflicts ────────────────────────────────────────── tidyverse_conflicts() ──
✖ dplyr::filter() masks stats::filter()
✖ dplyr::lag()    masks stats::lag()
Rows: 188 Columns: 216
── Column specification ────────────────────────────────────────────────────────
Delimiter: "\t"
chr   (1): Biosphare
dbl (215): Depth, A31, Abeoformidae, Acantharea Group I, Acantharea Group II...
── Conflicts ────────────────────────────────────────── tidyverse_conflicts() ──
✖ dplyr::filter() masks stats::filter()
✖ dplyr::lag()    masks stats::lag()
── Conflicts ────────────────────────────────────────── tidyverse_conflicts() ──
✖ dplyr::filter() masks stats::filter()
✖ dplyr::lag()    masks stats::lag()

ℹ Use `spec()` to retrieve the full column specification for this data.
ℹ Specify the column types or set `show_col_types = FALSE` to quiet this message.
── Conflicts ────────────────────────────────────────── tidyverse_conflicts() ──
✖ dplyr::filter() masks stats::filter()
✖ dplyr::lag()    masks stats::lag()
── Conflicts ────────────────────────────────────────── tidyverse_conflicts() ──
✖ dplyr::filter() masks stats::filter()
✖ dplyr::lag()    masks stats::lag()
── Conflicts ────────────────────────────────────────── tidyverse_conflicts() ──
✖ dplyr::filter() masks stats::filter()
✖ dplyr::lag()    masks stats::lag()
Rows: 188 Columns: 216
Rows: 188 Columns: 216
── Conflicts ────────────────────────────────────────── tidyverse_conflicts() ──
✖ dplyr::filter() masks stats::filter()
✖ dplyr::lag()    masks stats::lag()
── Conflicts ────────────────────────────────────────── tidyverse_conflicts() ──
✖ dplyr::filter() masks stats::filter()
✖ dplyr::lag()    masks stats::lag()
── Column specification ────────────────────────────────────────────────────────
Delimiter: "\t"
chr   (1): Biosphare
dbl (215): Depth, A31, Abeoformidae, Acantharea Group I, Acantharea Group II...
── Column specification ────────────────────────────────────────────────────────
Delimiter: "\t"
chr   (1): Biosphare
dbl (215): Depth, A31, Abeoformidae, Acantharea Group I, Acantharea Group II...
── Conflicts ────────────────────────────────────────── tidyverse_conflicts() ──
✖ dplyr::filter() masks stats::filter()
✖ dplyr::lag()    masks stats::lag()
── Conflicts ────────────────────────────────────────── tidyverse_conflicts() ──
✖ dplyr::filter() masks stats::filter()
✖ dplyr::lag()    masks stats::lag()

ℹ Use `spec()` to retrieve the full column specification for this data.
ℹ Specify the column types or set `show_col_types = FALSE` to quiet this message.

ℹ Use `spec()` to retrieve the full column specification for this data.
ℹ Specify the column types or set `show_col_types = FALSE` to quiet this message.
── Conflicts ────────────────────────────────────────── tidyverse_conflicts() ──
✖ dplyr::filter() masks stats::filter()
✖ dplyr::lag()    masks stats::lag()
── Conflicts ────────────────────────────────────────── tidyverse_conflicts() ──
✖ dplyr::filter() masks stats::filter()
✖ dplyr::lag()    masks stats::lag()
── Conflicts ────────────────────────────────────────── tidyverse_conflicts() ──
✖ dplyr::filter() masks stats::filter()
✖ dplyr::lag()    masks stats::lag()
── Conflicts ────────────────────────────────────────── tidyverse_conflicts() ──
✖ dplyr::filter() masks stats::filter()
✖ dplyr::lag()    masks stats::lag()
Using 'Biosphare' as the outcome column.
Using 'Biosphare' as the outcome column.
Using 'Biosphare' as the outcome column.
Rows: 188 Columns: 216
── Column specification ────────────────────────────────────────────────────────
Delimiter: "\t"
chr   (1): Biosphare
dbl (215): Depth, A31, Abeoformidae, Acantharea Group I, Acantharea Group II...

ℹ Use `spec()` to retrieve the full column specification for this data.
ℹ Specify the column types or set `show_col_types = FALSE` to quiet this message.
Rows: 188 Columns: 216
── Column specification ────────────────────────────────────────────────────────
Delimiter: "\t"
chr   (1): Biosphare
dbl (215): Depth, A31, Abeoformidae, Acantharea Group I, Acantharea Group II...

ℹ Use `spec()` to retrieve the full column specification for this data.
ℹ Specify the column types or set `show_col_types = FALSE` to quiet this message.
Rows: 188 Columns: 216
── Column specification ────────────────────────────────────────────────────────
Delimiter: "\t"
chr   (1): Biosphare
dbl (215): Depth, A31, Abeoformidae, Acantharea Group I, Acantharea Group II...

ℹ Use `spec()` to retrieve the full column specification for this data.
ℹ Specify the column types or set `show_col_types = FALSE` to quiet this message.
Using 'Biosphare' as the outcome column.
Using 'Biosphare' as the outcome column.
Using 'Biosphare' as the outcome column.
Rows: 188 Columns: 216
── Column specification ────────────────────────────────────────────────────────
Delimiter: "\t"
chr   (1): Biosphare
dbl (215): Depth, A31, Abeoformidae, Acantharea Group I, Acantharea Group II...

ℹ Use `spec()` to retrieve the full column specification for this data.
ℹ Specify the column types or set `show_col_types = FALSE` to quiet this message.
Using 'Biosphare' as the outcome column.
Training the model...
Training the model...
Using 'Biosphare' as the outcome column.
Training the model...
Rows: 188 Columns: 216
── Column specification ────────────────────────────────────────────────────────
Delimiter: "\t"
chr   (1): Biosphare
dbl (215): Depth, A31, Abeoformidae, Acantharea Group I, Acantharea Group II...
Using 'Biosphare' as the outcome column.

ℹ Use `spec()` to retrieve the full column specification for this data.
ℹ Specify the column types or set `show_col_types = FALSE` to quiet this message.
Rows: 188 Columns: 216
── Column specification ────────────────────────────────────────────────────────
Delimiter: "\t"
chr   (1): Biosphare
dbl (215): Depth, A31, Abeoformidae, Acantharea Group I, Acantharea Group II...

ℹ Use `spec()` to retrieve the full column specification for this data.
ℹ Specify the column types or set `show_col_types = FALSE` to quiet this message.
Rows: 188 Columns: 216
Using 'Biosphare' as the outcome column.
── Column specification ────────────────────────────────────────────────────────
Delimiter: "\t"
chr   (1): Biosphare
dbl (215): Depth, A31, Abeoformidae, Acantharea Group I, Acantharea Group II...
Using 'Biosphare' as the outcome column.

ℹ Use `spec()` to retrieve the full column specification for this data.
ℹ Specify the column types or set `show_col_types = FALSE` to quiet this message.
Rows: 188 Columns: 216
── Column specification ────────────────────────────────────────────────────────
Delimiter: "\t"
chr   (1): Biosphare
dbl (215): Depth, A31, Abeoformidae, Acantharea Group I, Acantharea Group II...

ℹ Use `spec()` to retrieve the full column specification for this data.
ℹ Specify the column types or set `show_col_types = FALSE` to quiet this message.
Using 'Biosphare' as the outcome column.
Rows: 188 Columns: 216
── Column specification ────────────────────────────────────────────────────────
Delimiter: "\t"
chr   (1): Biosphare
dbl (215): Depth, A31, Abeoformidae, Acantharea Group I, Acantharea Group II...

ℹ Use `spec()` to retrieve the full column specification for this data.
ℹ Specify the column types or set `show_col_types = FALSE` to quiet this message.
Rows: 188 Columns: 216
Training the model...
── Column specification ────────────────────────────────────────────────────────
Delimiter: "\t"
chr   (1): Biosphare
dbl (215): Depth, A31, Abeoformidae, Acantharea Group I, Acantharea Group II...

ℹ Use `spec()` to retrieve the full column specification for this data.
ℹ Specify the column types or set `show_col_types = FALSE` to quiet this message.
Rows: 188 Columns: 216
Training the model...
Using 'Biosphare' as the outcome column.
Rows: 188 Columns: 216
Rows: 188 Columns: 216
── Column specification ────────────────────────────────────────────────────────
Delimiter: "\t"
chr   (1): Biosphare
dbl (215): Depth, A31, Abeoformidae, Acantharea Group I, Acantharea Group II...
── Column specification ────────────────────────────────────────────────────────
Delimiter: "\t"
chr   (1): Biosphare
dbl (215): Depth, A31, Abeoformidae, Acantharea Group I, Acantharea Group II...
── Column specification ────────────────────────────────────────────────────────
Delimiter: "\t"
chr   (1): Biosphare
dbl (215): Depth, A31, Abeoformidae, Acantharea Group I, Acantharea Group II...

ℹ Use `spec()` to retrieve the full column specification for this data.
ℹ Specify the column types or set `show_col_types = FALSE` to quiet this message.

ℹ Use `spec()` to retrieve the full column specification for this data.
ℹ Specify the column types or set `show_col_types = FALSE` to quiet this message.

ℹ Use `spec()` to retrieve the full column specification for this data.
ℹ Specify the column types or set `show_col_types = FALSE` to quiet this message.
Rows: 188 Columns: 216
Using 'Biosphare' as the outcome column.
Using 'Biosphare' as the outcome column.
Rows: 188 Columns: 216
── Column specification ────────────────────────────────────────────────────────
Delimiter: "\t"
chr   (1): Biosphare
dbl (215): Depth, A31, Abeoformidae, Acantharea Group I, Acantharea Group II...
Rows: 188 Columns: 216
── Column specification ────────────────────────────────────────────────────────
Delimiter: "\t"
chr   (1): Biosphare
dbl (215): Depth, A31, Abeoformidae, Acantharea Group I, Acantharea Group II...

ℹ Use `spec()` to retrieve the full column specification for this data.
ℹ Specify the column types or set `show_col_types = FALSE` to quiet this message.
── Column specification ────────────────────────────────────────────────────────
Delimiter: "\t"
chr   (1): Biosphare
dbl (215): Depth, A31, Abeoformidae, Acantharea Group I, Acantharea Group II...
Rows: 188 Columns: 216

ℹ Use `spec()` to retrieve the full column specification for this data.
ℹ Specify the column types or set `show_col_types = FALSE` to quiet this message.
── Column specification ────────────────────────────────────────────────────────
Delimiter: "\t"
chr   (1): Biosphare
dbl (215): Depth, A31, Abeoformidae, Acantharea Group I, Acantharea Group II...

ℹ Use `spec()` to retrieve the full column specification for this data.
ℹ Specify the column types or set `show_col_types = FALSE` to quiet this message.
Rows: 188 Columns: 216
Using 'Biosphare' as the outcome column.
Rows: 188 Columns: 216
Rows: 188 Columns: 216
── Column specification ────────────────────────────────────────────────────────
Delimiter: "\t"
chr   (1): Biosphare
dbl (215): Depth, A31, Abeoformidae, Acantharea Group I, Acantharea Group II...
Rows: 188 Columns: 216
── Column specification ────────────────────────────────────────────────────────
Delimiter: "\t"
chr   (1): Biosphare
dbl (215): Depth, A31, Abeoformidae, Acantharea Group I, Acantharea Group II...
── Column specification ────────────────────────────────────────────────────────
Delimiter: "\t"
chr   (1): Biosphare
dbl (215): Depth, A31, Abeoformidae, Acantharea Group I, Acantharea Group II...
── Column specification ────────────────────────────────────────────────────────
Delimiter: "\t"
chr   (1): Biosphare
dbl (215): Depth, A31, Abeoformidae, Acantharea Group I, Acantharea Group II...

ℹ Use `spec()` to retrieve the full column specification for this data.
ℹ Specify the column types or set `show_col_types = FALSE` to quiet this message.

ℹ Use `spec()` to retrieve the full column specification for this data.
ℹ Specify the column types or set `show_col_types = FALSE` to quiet this message.

ℹ Use `spec()` to retrieve the full column specification for this data.
ℹ Specify the column types or set `show_col_types = FALSE` to quiet this message.

ℹ Use `spec()` to retrieve the full column specification for this data.
ℹ Specify the column types or set `show_col_types = FALSE` to quiet this message.

ℹ Use `spec()` to retrieve the full column specification for this data.
ℹ Specify the column types or set `show_col_types = FALSE` to quiet this message.
Using 'Biosphare' as the outcome column.
Rows: 188 Columns: 216
── Column specification ────────────────────────────────────────────────────────
Delimiter: "\t"
chr   (1): Biosphare
dbl (215): Depth, A31, Abeoformidae, Acantharea Group I, Acantharea Group II...
Rows: 188 Columns: 216
── Column specification ────────────────────────────────────────────────────────
Delimiter: "\t"
chr   (1): Biosphare
dbl (215): Depth, A31, Abeoformidae, Acantharea Group I, Acantharea Group II...

ℹ Use `spec()` to retrieve the full column specification for this data.
ℹ Specify the column types or set `show_col_types = FALSE` to quiet this message.
Training the model...

ℹ Use `spec()` to retrieve the full column specification for this data.
ℹ Specify the column types or set `show_col_types = FALSE` to quiet this message.
Using 'Biosphare' as the outcome column.
Using 'Biosphare' as the outcome column.
Rows: 188 Columns: 216
Rows: 188 Columns: 216
── Column specification ────────────────────────────────────────────────────────
Delimiter: "\t"
chr   (1): Biosphare
dbl (215): Depth, A31, Abeoformidae, Acantharea Group I, Acantharea Group II...
Rows: 188 Columns: 216
── Column specification ────────────────────────────────────────────────────────
Delimiter: "\t"
chr   (1): Biosphare
dbl (215): Depth, A31, Abeoformidae, Acantharea Group I, Acantharea Group II...
Using 'Biosphare' as the outcome column.
── Column specification ────────────────────────────────────────────────────────
Delimiter: "\t"
chr   (1): Biosphare
dbl (215): Depth, A31, Abeoformidae, Acantharea Group I, Acantharea Group II...

ℹ Use `spec()` to retrieve the full column specification for this data.
ℹ Specify the column types or set `show_col_types = FALSE` to quiet this message.

ℹ Use `spec()` to retrieve the full column specification for this data.
ℹ Specify the column types or set `show_col_types = FALSE` to quiet this message.

ℹ Use `spec()` to retrieve the full column specification for this data.
ℹ Specify the column types or set `show_col_types = FALSE` to quiet this message.
Rows: 188 Columns: 216
── Column specification ────────────────────────────────────────────────────────
Delimiter: "\t"
chr   (1): Biosphare
dbl (215): Depth, A31, Abeoformidae, Acantharea Group I, Acantharea Group II...
Rows: 188 Columns: 216
── Column specification ────────────────────────────────────────────────────────
Delimiter: "\t"
chr   (1): Biosphare
dbl (215): Depth, A31, Abeoformidae, Acantharea Group I, Acantharea Group II...

ℹ Use `spec()` to retrieve the full column specification for this data.
ℹ Specify the column types or set `show_col_types = FALSE` to quiet this message.
Rows: 188 Columns: 216

ℹ Use `spec()` to retrieve the full column specification for this data.
ℹ Specify the column types or set `show_col_types = FALSE` to quiet this message.
── Column specification ────────────────────────────────────────────────────────
Delimiter: "\t"
chr   (1): Biosphare
dbl (215): Depth, A31, Abeoformidae, Acantharea Group I, Acantharea Group II...
Rows: 188 Columns: 216
Using 'Biosphare' as the outcome column.
Using 'Biosphare' as the outcome column.

ℹ Use `spec()` to retrieve the full column specification for this data.
ℹ Specify the column types or set `show_col_types = FALSE` to quiet this message.
── Column specification ────────────────────────────────────────────────────────
Delimiter: "\t"
chr   (1): Biosphare
dbl (215): Depth, A31, Abeoformidae, Acantharea Group I, Acantharea Group II...
Using 'Biosphare' as the outcome column.
Rows: 188 Columns: 216
Training the model...
Rows: 188 Columns: 216
Rows: 188 Columns: 216

ℹ Use `spec()` to retrieve the full column specification for this data.
ℹ Specify the column types or set `show_col_types = FALSE` to quiet this message.
── Column specification ────────────────────────────────────────────────────────
Delimiter: "\t"
chr   (1): Biosphare
dbl (215): Depth, A31, Abeoformidae, Acantharea Group I, Acantharea Group II...
Rows: 188 Columns: 216
Rows: 188 Columns: 216
── Column specification ────────────────────────────────────────────────────────
Delimiter: "\t"
chr   (1): Biosphare
dbl (215): Depth, A31, Abeoformidae, Acantharea Group I, Acantharea Group II...
── Column specification ────────────────────────────────────────────────────────
Delimiter: "\t"
chr   (1): Biosphare
dbl (215): Depth, A31, Abeoformidae, Acantharea Group I, Acantharea Group II...
Rows: 188 Columns: 216
── Column specification ────────────────────────────────────────────────────────
Delimiter: "\t"
chr   (1): Biosphare
dbl (215): Depth, A31, Abeoformidae, Acantharea Group I, Acantharea Group II...

ℹ Use `spec()` to retrieve the full column specification for this data.
ℹ Specify the column types or set `show_col_types = FALSE` to quiet this message.
── Column specification ────────────────────────────────────────────────────────
Delimiter: "\t"
chr   (1): Biosphare
dbl (215): Depth, A31, Abeoformidae, Acantharea Group I, Acantharea Group II...
── Column specification ────────────────────────────────────────────────────────
Delimiter: "\t"
chr   (1): Biosphare
dbl (215): Depth, A31, Abeoformidae, Acantharea Group I, Acantharea Group II...

ℹ Use `spec()` to retrieve the full column specification for this data.
ℹ Specify the column types or set `show_col_types = FALSE` to quiet this message.

ℹ Use `spec()` to retrieve the full column specification for this data.
ℹ Specify the column types or set `show_col_types = FALSE` to quiet this message.

ℹ Use `spec()` to retrieve the full column specification for this data.
ℹ Specify the column types or set `show_col_types = FALSE` to quiet this message.

ℹ Use `spec()` to retrieve the full column specification for this data.
ℹ Specify the column types or set `show_col_types = FALSE` to quiet this message.
Using 'Biosphare' as the outcome column.

ℹ Use `spec()` to retrieve the full column specification for this data.
ℹ Specify the column types or set `show_col_types = FALSE` to quiet this message.
Using 'Biosphare' as the outcome column.
Using 'Biosphare' as the outcome column.
Using 'Biosphare' as the outcome column.
Using 'Biosphare' as the outcome column.
Using 'Biosphare' as the outcome column.
Using 'Biosphare' as the outcome column.
Using 'Biosphare' as the outcome column.
Using 'Biosphare' as the outcome column.
Using 'Biosphare' as the outcome column.
Using 'Biosphare' as the outcome column.
Using 'Biosphare' as the outcome column.
Loading required package: lattice
Using 'Biosphare' as the outcome column.
Training the model...
Using 'Biosphare' as the outcome column.
Using 'Biosphare' as the outcome column.
Loading required package: lattice
Using 'Biosphare' as the outcome column.
Loading required package: lattice
Using 'Biosphare' as the outcome column.
Using 'Biosphare' as the outcome column.
Using 'Biosphare' as the outcome column.
Training the model...
Training the model...
Using 'Biosphare' as the outcome column.
Using 'Biosphare' as the outcome column.
Using 'Biosphare' as the outcome column.
Using 'Biosphare' as the outcome column.
Using 'Biosphare' as the outcome column.
Using 'Biosphare' as the outcome column.
Using 'Biosphare' as the outcome column.
Using 'Biosphare' as the outcome column.
Using 'Biosphare' as the outcome column.
Using 'Biosphare' as the outcome column.

Attaching package: ‘caret’


Attaching package: ‘caret’

The following object is masked from ‘package:purrr’:

    lift

The following object is masked from ‘package:purrr’:

    lift


Attaching package: ‘caret’

Loading required package: lattice
The following object is masked from ‘package:purrr’:

    lift

Loading required package: lattice
Using 'Biosphare' as the outcome column.

Attaching package: ‘caret’

The following object is masked from ‘package:purrr’:

    lift


Attaching package: ‘caret’

Loading required package: lattice
The following object is masked from ‘package:purrr’:

    lift

Loading required package: lattice
Using 'Biosphare' as the outcome column.

Attaching package: ‘caret’

The following object is masked from ‘package:purrr’:

    lift

Training the model...

Attaching package: ‘caret’

Loading required package: lattice
The following object is masked from ‘package:purrr’:

    lift

Training the model...

Attaching package: ‘caret’

Using 'Biosphare' as the outcome column.
The following object is masked from ‘package:purrr’:

    lift

Using 'Biosphare' as the outcome column.
Training the model...
Using 'Biosphare' as the outcome column.
Using 'Biosphare' as the outcome column.
Using 'Biosphare' as the outcome column.
Using 'Biosphare' as the outcome column.
Training the model...
Using 'Biosphare' as the outcome column.
Using 'Biosphare' as the outcome column.
Training the model...
Training the model...
Training the model...
Loading required package: lattice
Training the model...
Using 'Biosphare' as the outcome column.
Loading required package: lattice
Training the model...
Training the model...

Attaching package: ‘caret’

The following object is masked from ‘package:purrr’:

    lift

Using 'Biosphare' as the outcome column.
Using 'Biosphare' as the outcome column.
Training the model...

Attaching package: ‘caret’

Using 'Biosphare' as the outcome column.
The following object is masked from ‘package:purrr’:

    lift

Training the model...
Training the model...
Training the model...
Loading required package: lattice
Using 'Biosphare' as the outcome column.
Training the model...
Training the model...

Attaching package: ‘caret’

Loading required package: lattice
The following object is masked from ‘package:purrr’:

    lift

Training the model...
Using 'Biosphare' as the outcome column.
Using 'Biosphare' as the outcome column.
Using 'Biosphare' as the outcome column.
Using 'Biosphare' as the outcome column.
Loading required package: lattice
Using 'Biosphare' as the outcome column.
Using 'Biosphare' as the outcome column.

Attaching package: ‘caret’

The following object is masked from ‘package:purrr’:

    lift

Using 'Biosphare' as the outcome column.
Training the model...
Training the model...
Using 'Biosphare' as the outcome column.
Loading required package: lattice
Loading required package: lattice
Using 'Biosphare' as the outcome column.
Using 'Biosphare' as the outcome column.
Training the model...
Training the model...
Training the model...
Using 'Biosphare' as the outcome column.
Training the model...
Training the model...
Using 'Biosphare' as the outcome column.
Using 'Biosphare' as the outcome column.
Training the model...
Training the model...
Loading required package: lattice
Training the model...
Using 'Biosphare' as the outcome column.
Training the model...

Attaching package: ‘caret’

The following object is masked from ‘package:purrr’:

    lift

Training the model...
Loading required package: lattice
Training the model...
Training the model...

Attaching package: ‘caret’

The following object is masked from ‘package:purrr’:

    lift

Training the model...

Attaching package: ‘caret’

The following object is masked from ‘package:purrr’:

    lift

Loading required package: lattice
Loading required package: lattice
Loading required package: lattice
Loading required package: lattice

Attaching package: ‘caret’

The following object is masked from ‘package:purrr’:

    lift

Loading required package: lattice

Attaching package: ‘caret’

The following object is masked from ‘package:purrr’:

    lift

Loading required package: lattice

Attaching package: ‘caret’

The following object is masked from ‘package:purrr’:

    lift

Loading required package: lattice

Attaching package: ‘caret’


Attaching package: ‘caret’

The following object is masked from ‘package:purrr’:

    lift

The following object is masked from ‘package:purrr’:

    lift

Loading required package: lattice
Loading required package: lattice

Attaching package: ‘caret’

The following object is masked from ‘package:purrr’:

    lift


Attaching package: ‘caret’

The following object is masked from ‘package:purrr’:

    lift

Loading required package: lattice

Attaching package: ‘caret’

The following object is masked from ‘package:purrr’:

    lift

Loading required package: lattice

Attaching package: ‘caret’

The following object is masked from ‘package:purrr’:

    lift


Attaching package: ‘caret’

Loading required package: lattice
Loading required package: lattice
The following object is masked from ‘package:purrr’:

    lift

Loading required package: lattice
Loading required package: lattice
Loading required package: lattice

Attaching package: ‘caret’

The following object is masked from ‘package:purrr’:

    lift


Attaching package: ‘caret’

Loading required package: lattice
The following object is masked from ‘package:purrr’:

    lift

Loading required package: lattice
Loading required package: lattice
Loading required package: lattice
Loading required package: lattice
Loading required package: lattice

Attaching package: ‘caret’

Loading required package: lattice
The following object is masked from ‘package:purrr’:

    lift


Attaching package: ‘caret’


Attaching package: ‘caret’

The following object is masked from ‘package:purrr’:

    lift


Attaching package: ‘caret’

The following object is masked from ‘package:purrr’:

    lift

Loading required package: lattice
The following object is masked from ‘package:purrr’:

    lift


Attaching package: ‘caret’

The following object is masked from ‘package:purrr’:

    lift


Attaching package: ‘caret’


Attaching package: ‘caret’

The following object is masked from ‘package:purrr’:

    lift

The following object is masked from ‘package:purrr’:

    lift


Attaching package: ‘caret’

The following object is masked from ‘package:purrr’:

    lift


Attaching package: ‘caret’


Attaching package: ‘caret’


Attaching package: ‘caret’

Loading required package: lattice
The following object is masked from ‘package:purrr’:

    lift

The following object is masked from ‘package:purrr’:

    lift

The following object is masked from ‘package:purrr’:

    lift


Attaching package: ‘caret’

The following object is masked from ‘package:purrr’:

    lift


Attaching package: ‘caret’

The following object is masked from ‘package:purrr’:

    lift


Attaching package: ‘caret’

The following object is masked from ‘package:purrr’:

    lift


Attaching package: ‘caret’

The following object is masked from ‘package:purrr’:

    lift

Training complete.
Finding feature importance...
Training complete.
Finding feature importance...
Training complete.
Finding feature importance...
Training complete.
Finding feature importance...
Training complete.
Finding feature importance...
Training complete.
Finding feature importance...
Training complete.
Finding feature importance...
Training complete.
Finding feature importance...
Training complete.
Finding feature importance...
Training complete.
Finding feature importance...
Training complete.
Finding feature importance...
Training complete.
Finding feature importance...
Training complete.
Finding feature importance...
Training complete.
Finding feature importance...
Training complete.
Finding feature importance...
Training complete.
Finding feature importance...
Training complete.
Finding feature importance...
Training complete.
Finding feature importance...
Training complete.
Finding feature importance...
Feature importance complete.
Feature importance complete.
Feature importance complete.
Feature importance complete.
Training complete.
Finding feature importance...
Training complete.
Finding feature importance...
Feature importance complete.
Feature importance complete.
Feature importance complete.
Feature importance complete.
Training complete.
Finding feature importance...
Training complete.
Finding feature importance...
Feature importance complete.
Feature importance complete.
Training complete.
Finding feature importance...
Training complete.
Finding feature importance...
Feature importance complete.
Feature importance complete.
Feature importance complete.
Training complete.
Finding feature importance...
Feature importance complete.
Training complete.
Finding feature importance...
Training complete.
Finding feature importance...
Training complete.
Finding feature importance...
Training complete.
Finding feature importance...
Training complete.
Finding feature importance...
Feature importance complete.
Training complete.
Finding feature importance...
Training complete.
Finding feature importance...
Training complete.
Finding feature importance...
Training complete.
Finding feature importance...
Feature importance complete.
Training complete.
Finding feature importance...
Training complete.
Finding feature importance...
Training complete.
Finding feature importance...
Training complete.
Finding feature importance...
Feature importance complete.
Training complete.
Finding feature importance...
Training complete.
Finding feature importance...
Feature importance complete.
Feature importance complete.
Training complete.
Finding feature importance...
Feature importance complete.
Feature importance complete.
Feature importance complete.
Feature importance complete.
Feature importance complete.
Feature importance complete.
Feature importance complete.
Feature importance complete.
Feature importance complete.
Feature importance complete.
Feature importance complete.
Feature importance complete.
Feature importance complete.
Feature importance complete.
Feature importance complete.
Feature importance complete.
Feature importance complete.
Feature importance complete.
Feature importance complete.
Feature importance complete.
Feature importance complete.
Feature importance complete.
Feature importance complete.
